{
  "meta": {
    "format": 3,
    "version": "7.11.0",
    "timestamp": "2025-11-03T14:40:32.281717",
    "branch_coverage": false,
    "show_contexts": false
  },
  "files": {
    "finance_ml\\__init__.py": {
      "executed_lines": [
        1,
        20,
        23,
        42,
        73,
        87,
        99,
        109,
        117,
        148,
        157,
        165,
        207,
        216,
        226,
        240,
        242,
        252,
        264,
        274,
        282
      ],
      "summary": {
        "covered_lines": 20,
        "num_statements": 20,
        "percent_covered": 100.0,
        "percent_covered_display": "100",
        "missing_lines": 0,
        "excluded_lines": 0
      },
      "missing_lines": [],
      "excluded_lines": [],
      "functions": {
        "": {
          "executed_lines": [
            1,
            20,
            23,
            42,
            73,
            87,
            99,
            109,
            117,
            148,
            157,
            165,
            207,
            216,
            226,
            240,
            242,
            252,
            264,
            274,
            282
          ],
          "summary": {
            "covered_lines": 20,
            "num_statements": 20,
            "percent_covered": 100.0,
            "percent_covered_display": "100",
            "missing_lines": 0,
            "excluded_lines": 0
          },
          "missing_lines": [],
          "excluded_lines": []
        }
      },
      "classes": {
        "": {
          "executed_lines": [
            1,
            20,
            23,
            42,
            73,
            87,
            99,
            109,
            117,
            148,
            157,
            165,
            207,
            216,
            226,
            240,
            242,
            252,
            264,
            274,
            282
          ],
          "summary": {
            "covered_lines": 20,
            "num_statements": 20,
            "percent_covered": 100.0,
            "percent_covered_display": "100",
            "missing_lines": 0,
            "excluded_lines": 0
          },
          "missing_lines": [],
          "excluded_lines": []
        }
      }
    },
    "finance_ml\\advanced_eda.py": {
      "executed_lines": [
        1,
        15,
        17,
        18,
        19,
        20,
        22,
        23,
        24,
        25,
        26,
        27,
        28,
        30,
        33,
        34,
        35,
        36,
        37,
        38,
        39,
        40,
        43,
        44,
        45,
        46,
        47,
        48,
        49,
        50,
        51,
        54,
        55,
        56,
        57,
        58,
        59,
        60,
        61,
        62,
        63,
        64,
        67,
        90,
        125,
        172,
        218,
        263,
        286,
        335,
        374,
        397,
        457,
        521,
        597
      ],
      "summary": {
        "covered_lines": 51,
        "num_statements": 285,
        "percent_covered": 17.894736842105264,
        "percent_covered_display": "18",
        "missing_lines": 234,
        "excluded_lines": 0
      },
      "missing_lines": [
        73,
        74,
        75,
        77,
        78,
        79,
        80,
        81,
        82,
        84,
        86,
        87,
        101,
        102,
        105,
        106,
        107,
        108,
        109,
        110,
        112,
        113,
        116,
        119,
        120,
        122,
        127,
        129,
        130,
        138,
        139,
        140,
        142,
        143,
        144,
        145,
        146,
        147,
        148,
        149,
        150,
        151,
        152,
        153,
        155,
        157,
        158,
        163,
        174,
        175,
        177,
        178,
        179,
        180,
        181,
        183,
        184,
        186,
        187,
        188,
        189,
        191,
        193,
        194,
        195,
        196,
        198,
        199,
        200,
        201,
        203,
        205,
        213,
        214,
        215,
        225,
        226,
        228,
        229,
        230,
        231,
        232,
        234,
        235,
        236,
        237,
        238,
        239,
        240,
        241,
        242,
        243,
        245,
        247,
        248,
        250,
        258,
        259,
        260,
        269,
        270,
        272,
        274,
        279,
        280,
        282,
        283,
        304,
        305,
        306,
        309,
        310,
        311,
        314,
        321,
        324,
        328,
        329,
        331,
        332,
        342,
        343,
        345,
        347,
        348,
        349,
        351,
        353,
        354,
        356,
        357,
        359,
        360,
        362,
        368,
        369,
        371,
        380,
        381,
        383,
        384,
        385,
        387,
        388,
        390,
        391,
        393,
        394,
        404,
        405,
        413,
        414,
        416,
        417,
        418,
        419,
        421,
        422,
        430,
        431,
        432,
        433,
        434,
        435,
        436,
        437,
        439,
        441,
        442,
        447,
        464,
        465,
        467,
        468,
        476,
        477,
        478,
        479,
        486,
        487,
        489,
        490,
        492,
        497,
        498,
        499,
        500,
        501,
        503,
        505,
        506,
        511,
        528,
        530,
        538,
        540,
        541,
        542,
        544,
        551,
        552,
        553,
        555,
        557,
        558,
        559,
        560,
        562,
        564,
        570,
        571,
        573,
        574,
        575,
        576,
        577,
        582,
        593,
        594,
        603,
        604,
        605,
        607,
        608,
        609,
        610,
        612,
        616,
        617,
        619,
        620,
        621,
        622,
        624
      ],
      "excluded_lines": [],
      "functions": {
        "calculate_correlation_matrix": {
          "executed_lines": [],
          "summary": {
            "covered_lines": 0,
            "num_statements": 12,
            "percent_covered": 0.0,
            "percent_covered_display": "0",
            "missing_lines": 12,
            "excluded_lines": 0
          },
          "missing_lines": [
            73,
            74,
            75,
            77,
            78,
            79,
            80,
            81,
            82,
            84,
            86,
            87
          ],
          "excluded_lines": []
        },
        "find_top_correlations": {
          "executed_lines": [],
          "summary": {
            "covered_lines": 0,
            "num_statements": 14,
            "percent_covered": 0.0,
            "percent_covered_display": "0",
            "missing_lines": 14,
            "excluded_lines": 0
          },
          "missing_lines": [
            101,
            102,
            105,
            106,
            107,
            108,
            109,
            110,
            112,
            113,
            116,
            119,
            120,
            122
          ],
          "excluded_lines": []
        },
        "test_normality": {
          "executed_lines": [],
          "summary": {
            "covered_lines": 0,
            "num_statements": 22,
            "percent_covered": 0.0,
            "percent_covered_display": "0",
            "missing_lines": 22,
            "excluded_lines": 0
          },
          "missing_lines": [
            127,
            129,
            130,
            138,
            139,
            140,
            142,
            143,
            144,
            145,
            146,
            147,
            148,
            149,
            150,
            151,
            152,
            153,
            155,
            157,
            158,
            163
          ],
          "excluded_lines": []
        },
        "calculate_skewness_kurtosis": {
          "executed_lines": [],
          "summary": {
            "covered_lines": 0,
            "num_statements": 27,
            "percent_covered": 0.0,
            "percent_covered_display": "0",
            "missing_lines": 27,
            "excluded_lines": 0
          },
          "missing_lines": [
            174,
            175,
            177,
            178,
            179,
            180,
            181,
            183,
            184,
            186,
            187,
            188,
            189,
            191,
            193,
            194,
            195,
            196,
            198,
            199,
            200,
            201,
            203,
            205,
            213,
            214,
            215
          ],
          "excluded_lines": []
        },
        "detect_outliers_statistical": {
          "executed_lines": [],
          "summary": {
            "covered_lines": 0,
            "num_statements": 24,
            "percent_covered": 0.0,
            "percent_covered_display": "0",
            "missing_lines": 24,
            "excluded_lines": 0
          },
          "missing_lines": [
            225,
            226,
            228,
            229,
            230,
            231,
            232,
            234,
            235,
            236,
            237,
            238,
            239,
            240,
            241,
            242,
            243,
            245,
            247,
            248,
            250,
            258,
            259,
            260
          ],
          "excluded_lines": []
        },
        "calculate_mutual_information": {
          "executed_lines": [],
          "summary": {
            "covered_lines": 0,
            "num_statements": 8,
            "percent_covered": 0.0,
            "percent_covered_display": "0",
            "missing_lines": 8,
            "excluded_lines": 0
          },
          "missing_lines": [
            269,
            270,
            272,
            274,
            279,
            280,
            282,
            283
          ],
          "excluded_lines": []
        },
        "calculate_feature_importance_rf": {
          "executed_lines": [],
          "summary": {
            "covered_lines": 0,
            "num_statements": 13,
            "percent_covered": 0.0,
            "percent_covered_display": "0",
            "missing_lines": 13,
            "excluded_lines": 0
          },
          "missing_lines": [
            304,
            305,
            306,
            309,
            310,
            311,
            314,
            321,
            324,
            328,
            329,
            331,
            332
          ],
          "excluded_lines": []
        },
        "perform_pca": {
          "executed_lines": [],
          "summary": {
            "covered_lines": 0,
            "num_statements": 17,
            "percent_covered": 0.0,
            "percent_covered_display": "0",
            "missing_lines": 17,
            "excluded_lines": 0
          },
          "missing_lines": [
            342,
            343,
            345,
            347,
            348,
            349,
            351,
            353,
            354,
            356,
            357,
            359,
            360,
            362,
            368,
            369,
            371
          ],
          "excluded_lines": []
        },
        "calculate_optimal_pca_components": {
          "executed_lines": [],
          "summary": {
            "covered_lines": 0,
            "num_statements": 11,
            "percent_covered": 0.0,
            "percent_covered_display": "0",
            "missing_lines": 11,
            "excluded_lines": 0
          },
          "missing_lines": [
            380,
            381,
            383,
            384,
            385,
            387,
            388,
            390,
            391,
            393,
            394
          ],
          "excluded_lines": []
        },
        "compare_sector_means": {
          "executed_lines": [],
          "summary": {
            "covered_lines": 0,
            "num_statements": 22,
            "percent_covered": 0.0,
            "percent_covered_display": "0",
            "missing_lines": 22,
            "excluded_lines": 0
          },
          "missing_lines": [
            404,
            405,
            413,
            414,
            416,
            417,
            418,
            419,
            421,
            422,
            430,
            431,
            432,
            433,
            434,
            435,
            436,
            437,
            439,
            441,
            442,
            447
          ],
          "excluded_lines": []
        },
        "compare_two_groups": {
          "executed_lines": [],
          "summary": {
            "covered_lines": 0,
            "num_statements": 22,
            "percent_covered": 0.0,
            "percent_covered_display": "0",
            "missing_lines": 22,
            "excluded_lines": 0
          },
          "missing_lines": [
            464,
            465,
            467,
            468,
            476,
            477,
            478,
            479,
            486,
            487,
            489,
            490,
            492,
            497,
            498,
            499,
            500,
            501,
            503,
            505,
            506,
            511
          ],
          "excluded_lines": []
        },
        "generate_eda_report": {
          "executed_lines": [],
          "summary": {
            "covered_lines": 0,
            "num_statements": 27,
            "percent_covered": 0.0,
            "percent_covered_display": "0",
            "missing_lines": 27,
            "excluded_lines": 0
          },
          "missing_lines": [
            528,
            530,
            538,
            540,
            541,
            542,
            544,
            551,
            552,
            553,
            555,
            557,
            558,
            559,
            560,
            562,
            564,
            570,
            571,
            573,
            574,
            575,
            576,
            577,
            582,
            593,
            594
          ],
          "excluded_lines": []
        },
        "generate_sector_comparison_report": {
          "executed_lines": [],
          "summary": {
            "covered_lines": 0,
            "num_statements": 15,
            "percent_covered": 0.0,
            "percent_covered_display": "0",
            "missing_lines": 15,
            "excluded_lines": 0
          },
          "missing_lines": [
            603,
            604,
            605,
            607,
            608,
            609,
            610,
            612,
            616,
            617,
            619,
            620,
            621,
            622,
            624
          ],
          "excluded_lines": []
        },
        "": {
          "executed_lines": [
            1,
            15,
            17,
            18,
            19,
            20,
            22,
            23,
            24,
            25,
            26,
            27,
            28,
            30,
            33,
            34,
            35,
            36,
            37,
            38,
            39,
            40,
            43,
            44,
            45,
            46,
            47,
            48,
            49,
            50,
            51,
            54,
            55,
            56,
            57,
            58,
            59,
            60,
            61,
            62,
            63,
            64,
            67,
            90,
            125,
            172,
            218,
            263,
            286,
            335,
            374,
            397,
            457,
            521,
            597
          ],
          "summary": {
            "covered_lines": 51,
            "num_statements": 51,
            "percent_covered": 100.0,
            "percent_covered_display": "100",
            "missing_lines": 0,
            "excluded_lines": 0
          },
          "missing_lines": [],
          "excluded_lines": []
        }
      },
      "classes": {
        "CorrelationReport": {
          "executed_lines": [],
          "summary": {
            "covered_lines": 0,
            "num_statements": 0,
            "percent_covered": 100.0,
            "percent_covered_display": "100",
            "missing_lines": 0,
            "excluded_lines": 0
          },
          "missing_lines": [],
          "excluded_lines": []
        },
        "StatisticalTestResult": {
          "executed_lines": [],
          "summary": {
            "covered_lines": 0,
            "num_statements": 0,
            "percent_covered": 100.0,
            "percent_covered_display": "100",
            "missing_lines": 0,
            "excluded_lines": 0
          },
          "missing_lines": [],
          "excluded_lines": []
        },
        "EDAReport": {
          "executed_lines": [],
          "summary": {
            "covered_lines": 0,
            "num_statements": 0,
            "percent_covered": 100.0,
            "percent_covered_display": "100",
            "missing_lines": 0,
            "excluded_lines": 0
          },
          "missing_lines": [],
          "excluded_lines": []
        },
        "": {
          "executed_lines": [
            1,
            15,
            17,
            18,
            19,
            20,
            22,
            23,
            24,
            25,
            26,
            27,
            28,
            30,
            33,
            34,
            35,
            36,
            37,
            38,
            39,
            40,
            43,
            44,
            45,
            46,
            47,
            48,
            49,
            50,
            51,
            54,
            55,
            56,
            57,
            58,
            59,
            60,
            61,
            62,
            63,
            64,
            67,
            90,
            125,
            172,
            218,
            263,
            286,
            335,
            374,
            397,
            457,
            521,
            597
          ],
          "summary": {
            "covered_lines": 51,
            "num_statements": 285,
            "percent_covered": 17.894736842105264,
            "percent_covered_display": "18",
            "missing_lines": 234,
            "excluded_lines": 0
          },
          "missing_lines": [
            73,
            74,
            75,
            77,
            78,
            79,
            80,
            81,
            82,
            84,
            86,
            87,
            101,
            102,
            105,
            106,
            107,
            108,
            109,
            110,
            112,
            113,
            116,
            119,
            120,
            122,
            127,
            129,
            130,
            138,
            139,
            140,
            142,
            143,
            144,
            145,
            146,
            147,
            148,
            149,
            150,
            151,
            152,
            153,
            155,
            157,
            158,
            163,
            174,
            175,
            177,
            178,
            179,
            180,
            181,
            183,
            184,
            186,
            187,
            188,
            189,
            191,
            193,
            194,
            195,
            196,
            198,
            199,
            200,
            201,
            203,
            205,
            213,
            214,
            215,
            225,
            226,
            228,
            229,
            230,
            231,
            232,
            234,
            235,
            236,
            237,
            238,
            239,
            240,
            241,
            242,
            243,
            245,
            247,
            248,
            250,
            258,
            259,
            260,
            269,
            270,
            272,
            274,
            279,
            280,
            282,
            283,
            304,
            305,
            306,
            309,
            310,
            311,
            314,
            321,
            324,
            328,
            329,
            331,
            332,
            342,
            343,
            345,
            347,
            348,
            349,
            351,
            353,
            354,
            356,
            357,
            359,
            360,
            362,
            368,
            369,
            371,
            380,
            381,
            383,
            384,
            385,
            387,
            388,
            390,
            391,
            393,
            394,
            404,
            405,
            413,
            414,
            416,
            417,
            418,
            419,
            421,
            422,
            430,
            431,
            432,
            433,
            434,
            435,
            436,
            437,
            439,
            441,
            442,
            447,
            464,
            465,
            467,
            468,
            476,
            477,
            478,
            479,
            486,
            487,
            489,
            490,
            492,
            497,
            498,
            499,
            500,
            501,
            503,
            505,
            506,
            511,
            528,
            530,
            538,
            540,
            541,
            542,
            544,
            551,
            552,
            553,
            555,
            557,
            558,
            559,
            560,
            562,
            564,
            570,
            571,
            573,
            574,
            575,
            576,
            577,
            582,
            593,
            594,
            603,
            604,
            605,
            607,
            608,
            609,
            610,
            612,
            616,
            617,
            619,
            620,
            621,
            622,
            624
          ],
          "excluded_lines": []
        }
      }
    },
    "finance_ml\\advanced_features.py": {
      "executed_lines": [
        1,
        14,
        16,
        17,
        19,
        20,
        21,
        22,
        23,
        25,
        27,
        48,
        58,
        59,
        60,
        63,
        81,
        84,
        88,
        92,
        101,
        105,
        109,
        113,
        116,
        117,
        120,
        137,
        140,
        144,
        145,
        148,
        153,
        157,
        161,
        164,
        165,
        168,
        184,
        187,
        191,
        195,
        199,
        200,
        203,
        206,
        207,
        210,
        225,
        228,
        232,
        241,
        245,
        248,
        249,
        252,
        267,
        270,
        274,
        278,
        282,
        285,
        286,
        289,
        304,
        307,
        314,
        320,
        325,
        326,
        329,
        339,
        341,
        346,
        347,
        349,
        365,
        377,
        387,
        388,
        390,
        396,
        402,
        403,
        405,
        411,
        417,
        423,
        429,
        430,
        432,
        438,
        439,
        459,
        460,
        486,
        487,
        497,
        498,
        501,
        545,
        624,
        671,
        684,
        686,
        688,
        689,
        691,
        696,
        702,
        705,
        706,
        707,
        709,
        710,
        713,
        726,
        728,
        732,
        733,
        734,
        736,
        753,
        754,
        757,
        815,
        899,
        950,
        997,
        1016,
        1018,
        1021,
        1022,
        1023,
        1024,
        1025,
        1026,
        1029,
        1032,
        1033,
        1036,
        1037,
        1039,
        1040,
        1042
      ],
      "summary": {
        "covered_lines": 144,
        "num_statements": 356,
        "percent_covered": 40.449438202247194,
        "percent_covered_display": "40",
        "missing_lines": 212,
        "excluded_lines": 0
      },
      "missing_lines": [
        85,
        89,
        97,
        98,
        102,
        106,
        110,
        114,
        141,
        149,
        150,
        154,
        158,
        162,
        188,
        192,
        196,
        204,
        229,
        237,
        238,
        242,
        246,
        271,
        275,
        279,
        283,
        308,
        315,
        321,
        342,
        343,
        350,
        355,
        356,
        360,
        368,
        372,
        378,
        391,
        397,
        406,
        412,
        418,
        424,
        433,
        441,
        442,
        450,
        451,
        462,
        463,
        469,
        470,
        476,
        477,
        481,
        489,
        490,
        514,
        516,
        517,
        518,
        521,
        522,
        523,
        524,
        525,
        526,
        529,
        532,
        535,
        538,
        539,
        541,
        542,
        564,
        566,
        567,
        570,
        573,
        574,
        575,
        578,
        580,
        581,
        589,
        594,
        595,
        600,
        601,
        602,
        603,
        611,
        612,
        614,
        615,
        616,
        620,
        621,
        641,
        644,
        645,
        646,
        648,
        653,
        654,
        655,
        657,
        662,
        663,
        664,
        665,
        667,
        668,
        692,
        693,
        697,
        698,
        699,
        700,
        729,
        730,
        737,
        738,
        741,
        744,
        745,
        747,
        748,
        751,
        771,
        774,
        777,
        780,
        783,
        784,
        785,
        786,
        787,
        788,
        789,
        790,
        793,
        794,
        795,
        796,
        797,
        798,
        801,
        804,
        808,
        809,
        811,
        812,
        845,
        848,
        849,
        852,
        855,
        858,
        862,
        863,
        864,
        865,
        866,
        867,
        868,
        869,
        872,
        873,
        874,
        875,
        876,
        877,
        880,
        881,
        884,
        885,
        888,
        892,
        893,
        895,
        896,
        914,
        915,
        918,
        921,
        923,
        925,
        927,
        928,
        931,
        932,
        935,
        936,
        938,
        939,
        943,
        944,
        946,
        947,
        965,
        966,
        969,
        971,
        973,
        983,
        990,
        991,
        993,
        994
      ],
      "excluded_lines": [],
      "functions": {
        "_safe_div": {
          "executed_lines": [
            58,
            59,
            60
          ],
          "summary": {
            "covered_lines": 3,
            "num_statements": 3,
            "percent_covered": 100.0,
            "percent_covered_display": "100",
            "missing_lines": 0,
            "excluded_lines": 0
          },
          "missing_lines": [],
          "excluded_lines": []
        },
        "engineer_valuation_ratios": {
          "executed_lines": [
            81,
            84,
            88,
            92,
            101,
            105,
            109,
            113,
            116,
            117
          ],
          "summary": {
            "covered_lines": 10,
            "num_statements": 18,
            "percent_covered": 55.55555555555556,
            "percent_covered_display": "56",
            "missing_lines": 8,
            "excluded_lines": 0
          },
          "missing_lines": [
            85,
            89,
            97,
            98,
            102,
            106,
            110,
            114
          ],
          "excluded_lines": []
        },
        "engineer_profitability_ratios": {
          "executed_lines": [
            137,
            140,
            144,
            145,
            148,
            153,
            157,
            161,
            164,
            165
          ],
          "summary": {
            "covered_lines": 10,
            "num_statements": 16,
            "percent_covered": 62.5,
            "percent_covered_display": "62",
            "missing_lines": 6,
            "excluded_lines": 0
          },
          "missing_lines": [
            141,
            149,
            150,
            154,
            158,
            162
          ],
          "excluded_lines": []
        },
        "engineer_leverage_ratios": {
          "executed_lines": [
            184,
            187,
            191,
            195,
            199,
            200,
            203,
            206,
            207
          ],
          "summary": {
            "covered_lines": 9,
            "num_statements": 13,
            "percent_covered": 69.23076923076923,
            "percent_covered_display": "69",
            "missing_lines": 4,
            "excluded_lines": 0
          },
          "missing_lines": [
            188,
            192,
            196,
            204
          ],
          "excluded_lines": []
        },
        "engineer_liquidity_ratios": {
          "executed_lines": [
            225,
            228,
            232,
            241,
            245,
            248,
            249
          ],
          "summary": {
            "covered_lines": 7,
            "num_statements": 12,
            "percent_covered": 58.333333333333336,
            "percent_covered_display": "58",
            "missing_lines": 5,
            "excluded_lines": 0
          },
          "missing_lines": [
            229,
            237,
            238,
            242,
            246
          ],
          "excluded_lines": []
        },
        "engineer_efficiency_ratios": {
          "executed_lines": [
            267,
            270,
            274,
            278,
            282,
            285,
            286
          ],
          "summary": {
            "covered_lines": 7,
            "num_statements": 11,
            "percent_covered": 63.63636363636363,
            "percent_covered_display": "64",
            "missing_lines": 4,
            "excluded_lines": 0
          },
          "missing_lines": [
            271,
            275,
            279,
            283
          ],
          "excluded_lines": []
        },
        "engineer_growth_metrics": {
          "executed_lines": [
            304,
            307,
            314,
            320,
            325,
            326
          ],
          "summary": {
            "covered_lines": 6,
            "num_statements": 9,
            "percent_covered": 66.66666666666667,
            "percent_covered_display": "67",
            "missing_lines": 3,
            "excluded_lines": 0
          },
          "missing_lines": [
            308,
            315,
            321
          ],
          "excluded_lines": []
        },
        "engineer_sector_specific_features": {
          "executed_lines": [
            339,
            341,
            346,
            347,
            349,
            365,
            377,
            387,
            388,
            390,
            396,
            402,
            403,
            405,
            411,
            417,
            423,
            429,
            430,
            432,
            438,
            439,
            459,
            460,
            486,
            487,
            497,
            498
          ],
          "summary": {
            "covered_lines": 28,
            "num_statements": 57,
            "percent_covered": 49.12280701754386,
            "percent_covered_display": "49",
            "missing_lines": 29,
            "excluded_lines": 0
          },
          "missing_lines": [
            342,
            343,
            350,
            355,
            356,
            360,
            368,
            372,
            378,
            391,
            397,
            406,
            412,
            418,
            424,
            433,
            441,
            442,
            450,
            451,
            462,
            463,
            469,
            470,
            476,
            477,
            481,
            489,
            490
          ],
          "excluded_lines": []
        },
        "engineer_temporal_features": {
          "executed_lines": [],
          "summary": {
            "covered_lines": 0,
            "num_statements": 17,
            "percent_covered": 0.0,
            "percent_covered_display": "0",
            "missing_lines": 17,
            "excluded_lines": 0
          },
          "missing_lines": [
            514,
            516,
            517,
            518,
            521,
            522,
            523,
            524,
            525,
            526,
            529,
            532,
            535,
            538,
            539,
            541,
            542
          ],
          "excluded_lines": []
        },
        "engineer_market_microstructure_features": {
          "executed_lines": [],
          "summary": {
            "covered_lines": 0,
            "num_statements": 24,
            "percent_covered": 0.0,
            "percent_covered_display": "0",
            "missing_lines": 24,
            "excluded_lines": 0
          },
          "missing_lines": [
            564,
            566,
            567,
            570,
            573,
            574,
            575,
            578,
            580,
            581,
            589,
            594,
            595,
            600,
            601,
            602,
            603,
            611,
            612,
            614,
            615,
            616,
            620,
            621
          ],
          "excluded_lines": []
        },
        "engineer_nonlinear_transforms": {
          "executed_lines": [],
          "summary": {
            "covered_lines": 0,
            "num_statements": 15,
            "percent_covered": 0.0,
            "percent_covered_display": "0",
            "missing_lines": 15,
            "excluded_lines": 0
          },
          "missing_lines": [
            641,
            644,
            645,
            646,
            648,
            653,
            654,
            655,
            657,
            662,
            663,
            664,
            665,
            667,
            668
          ],
          "excluded_lines": []
        },
        "create_feature_interactions": {
          "executed_lines": [
            684,
            686,
            688,
            689,
            691,
            696,
            702,
            705,
            706,
            707,
            709,
            710
          ],
          "summary": {
            "covered_lines": 12,
            "num_statements": 18,
            "percent_covered": 66.66666666666667,
            "percent_covered_display": "67",
            "missing_lines": 6,
            "excluded_lines": 0
          },
          "missing_lines": [
            692,
            693,
            697,
            698,
            699,
            700
          ],
          "excluded_lines": []
        },
        "create_relative_value_features": {
          "executed_lines": [
            726,
            728,
            732,
            733,
            734,
            736,
            753,
            754
          ],
          "summary": {
            "covered_lines": 8,
            "num_statements": 18,
            "percent_covered": 44.44444444444444,
            "percent_covered_display": "44",
            "missing_lines": 10,
            "excluded_lines": 0
          },
          "missing_lines": [
            729,
            730,
            737,
            738,
            741,
            744,
            745,
            747,
            748,
            751
          ],
          "excluded_lines": []
        },
        "calculate_feature_importance_mutual_info": {
          "executed_lines": [],
          "summary": {
            "covered_lines": 0,
            "num_statements": 24,
            "percent_covered": 0.0,
            "percent_covered_display": "0",
            "missing_lines": 24,
            "excluded_lines": 0
          },
          "missing_lines": [
            771,
            774,
            777,
            780,
            783,
            784,
            785,
            786,
            787,
            788,
            789,
            790,
            793,
            794,
            795,
            796,
            797,
            798,
            801,
            804,
            808,
            809,
            811,
            812
          ],
          "excluded_lines": []
        },
        "calculate_feature_importance_rf": {
          "executed_lines": [],
          "summary": {
            "covered_lines": 0,
            "num_statements": 29,
            "percent_covered": 0.0,
            "percent_covered_display": "0",
            "missing_lines": 29,
            "excluded_lines": 0
          },
          "missing_lines": [
            845,
            848,
            849,
            852,
            855,
            858,
            862,
            863,
            864,
            865,
            866,
            867,
            868,
            869,
            872,
            873,
            874,
            875,
            876,
            877,
            880,
            881,
            884,
            885,
            888,
            892,
            893,
            895,
            896
          ],
          "excluded_lines": []
        },
        "calculate_feature_importance_shap": {
          "executed_lines": [],
          "summary": {
            "covered_lines": 0,
            "num_statements": 18,
            "percent_covered": 0.0,
            "percent_covered_display": "0",
            "missing_lines": 18,
            "excluded_lines": 0
          },
          "missing_lines": [
            914,
            915,
            918,
            921,
            923,
            925,
            927,
            928,
            931,
            932,
            935,
            936,
            938,
            939,
            943,
            944,
            946,
            947
          ],
          "excluded_lines": []
        },
        "calculate_feature_importance_rfe": {
          "executed_lines": [],
          "summary": {
            "covered_lines": 0,
            "num_statements": 10,
            "percent_covered": 0.0,
            "percent_covered_display": "0",
            "missing_lines": 10,
            "excluded_lines": 0
          },
          "missing_lines": [
            965,
            966,
            969,
            971,
            973,
            983,
            990,
            991,
            993,
            994
          ],
          "excluded_lines": []
        },
        "build_comprehensive_features": {
          "executed_lines": [
            1016,
            1018,
            1021,
            1022,
            1023,
            1024,
            1025,
            1026,
            1029,
            1032,
            1033,
            1036,
            1037,
            1039,
            1040,
            1042
          ],
          "summary": {
            "covered_lines": 16,
            "num_statements": 16,
            "percent_covered": 100.0,
            "percent_covered_display": "100",
            "missing_lines": 0,
            "excluded_lines": 0
          },
          "missing_lines": [],
          "excluded_lines": []
        },
        "": {
          "executed_lines": [
            1,
            14,
            16,
            17,
            19,
            20,
            21,
            22,
            23,
            25,
            27,
            48,
            63,
            120,
            168,
            210,
            252,
            289,
            329,
            501,
            545,
            624,
            671,
            713,
            757,
            815,
            899,
            950,
            997
          ],
          "summary": {
            "covered_lines": 28,
            "num_statements": 28,
            "percent_covered": 100.0,
            "percent_covered_display": "100",
            "missing_lines": 0,
            "excluded_lines": 0
          },
          "missing_lines": [],
          "excluded_lines": []
        }
      },
      "classes": {
        "": {
          "executed_lines": [
            1,
            14,
            16,
            17,
            19,
            20,
            21,
            22,
            23,
            25,
            27,
            48,
            58,
            59,
            60,
            63,
            81,
            84,
            88,
            92,
            101,
            105,
            109,
            113,
            116,
            117,
            120,
            137,
            140,
            144,
            145,
            148,
            153,
            157,
            161,
            164,
            165,
            168,
            184,
            187,
            191,
            195,
            199,
            200,
            203,
            206,
            207,
            210,
            225,
            228,
            232,
            241,
            245,
            248,
            249,
            252,
            267,
            270,
            274,
            278,
            282,
            285,
            286,
            289,
            304,
            307,
            314,
            320,
            325,
            326,
            329,
            339,
            341,
            346,
            347,
            349,
            365,
            377,
            387,
            388,
            390,
            396,
            402,
            403,
            405,
            411,
            417,
            423,
            429,
            430,
            432,
            438,
            439,
            459,
            460,
            486,
            487,
            497,
            498,
            501,
            545,
            624,
            671,
            684,
            686,
            688,
            689,
            691,
            696,
            702,
            705,
            706,
            707,
            709,
            710,
            713,
            726,
            728,
            732,
            733,
            734,
            736,
            753,
            754,
            757,
            815,
            899,
            950,
            997,
            1016,
            1018,
            1021,
            1022,
            1023,
            1024,
            1025,
            1026,
            1029,
            1032,
            1033,
            1036,
            1037,
            1039,
            1040,
            1042
          ],
          "summary": {
            "covered_lines": 144,
            "num_statements": 356,
            "percent_covered": 40.449438202247194,
            "percent_covered_display": "40",
            "missing_lines": 212,
            "excluded_lines": 0
          },
          "missing_lines": [
            85,
            89,
            97,
            98,
            102,
            106,
            110,
            114,
            141,
            149,
            150,
            154,
            158,
            162,
            188,
            192,
            196,
            204,
            229,
            237,
            238,
            242,
            246,
            271,
            275,
            279,
            283,
            308,
            315,
            321,
            342,
            343,
            350,
            355,
            356,
            360,
            368,
            372,
            378,
            391,
            397,
            406,
            412,
            418,
            424,
            433,
            441,
            442,
            450,
            451,
            462,
            463,
            469,
            470,
            476,
            477,
            481,
            489,
            490,
            514,
            516,
            517,
            518,
            521,
            522,
            523,
            524,
            525,
            526,
            529,
            532,
            535,
            538,
            539,
            541,
            542,
            564,
            566,
            567,
            570,
            573,
            574,
            575,
            578,
            580,
            581,
            589,
            594,
            595,
            600,
            601,
            602,
            603,
            611,
            612,
            614,
            615,
            616,
            620,
            621,
            641,
            644,
            645,
            646,
            648,
            653,
            654,
            655,
            657,
            662,
            663,
            664,
            665,
            667,
            668,
            692,
            693,
            697,
            698,
            699,
            700,
            729,
            730,
            737,
            738,
            741,
            744,
            745,
            747,
            748,
            751,
            771,
            774,
            777,
            780,
            783,
            784,
            785,
            786,
            787,
            788,
            789,
            790,
            793,
            794,
            795,
            796,
            797,
            798,
            801,
            804,
            808,
            809,
            811,
            812,
            845,
            848,
            849,
            852,
            855,
            858,
            862,
            863,
            864,
            865,
            866,
            867,
            868,
            869,
            872,
            873,
            874,
            875,
            876,
            877,
            880,
            881,
            884,
            885,
            888,
            892,
            893,
            895,
            896,
            914,
            915,
            918,
            921,
            923,
            925,
            927,
            928,
            931,
            932,
            935,
            936,
            938,
            939,
            943,
            944,
            946,
            947,
            965,
            966,
            969,
            971,
            973,
            983,
            990,
            991,
            993,
            994
          ],
          "excluded_lines": []
        }
      }
    },
    "finance_ml\\advanced_models.py": {
      "executed_lines": [
        1,
        20,
        21,
        22,
        23,
        25,
        26,
        27,
        28,
        36,
        37,
        39,
        40,
        41,
        44,
        45,
        47,
        52,
        53,
        55,
        60,
        61,
        63,
        68,
        69,
        71,
        76,
        77,
        78,
        79,
        81,
        89,
        97,
        98,
        138,
        147,
        161,
        197,
        217,
        291,
        376,
        441,
        471,
        549,
        625,
        700,
        730,
        771,
        806,
        841,
        870,
        910,
        948,
        982,
        1069,
        1105,
        1127,
        1134,
        1137,
        1140,
        1143,
        1146,
        1149,
        1151,
        1161,
        1164,
        1210,
        1273,
        1343,
        1414,
        1433
      ],
      "summary": {
        "covered_lines": 69,
        "num_statements": 324,
        "percent_covered": 21.296296296296298,
        "percent_covered_display": "21",
        "missing_lines": 255,
        "excluded_lines": 0
      },
      "missing_lines": [
        48,
        49,
        50,
        56,
        57,
        58,
        64,
        65,
        66,
        72,
        73,
        74,
        82,
        83,
        84,
        85,
        86,
        145,
        158,
        159,
        181,
        184,
        185,
        186,
        188,
        189,
        195,
        209,
        262,
        264,
        265,
        267,
        268,
        270,
        281,
        282,
        283,
        288,
        350,
        353,
        354,
        359,
        365,
        366,
        369,
        371,
        373,
        396,
        397,
        400,
        407,
        410,
        411,
        413,
        414,
        415,
        416,
        417,
        419,
        422,
        423,
        426,
        431,
        438,
        455,
        458,
        459,
        460,
        461,
        463,
        501,
        502,
        504,
        505,
        506,
        509,
        512,
        515,
        516,
        519,
        527,
        540,
        541,
        543,
        544,
        546,
        579,
        580,
        582,
        583,
        584,
        587,
        593,
        596,
        599,
        602,
        603,
        605,
        607,
        608,
        610,
        622,
        657,
        659,
        660,
        661,
        664,
        671,
        674,
        675,
        678,
        679,
        681,
        683,
        684,
        686,
        697,
        715,
        716,
        719,
        721,
        727,
        747,
        754,
        756,
        763,
        786,
        787,
        789,
        790,
        798,
        799,
        801,
        803,
        821,
        822,
        824,
        825,
        833,
        834,
        836,
        838,
        856,
        857,
        859,
        860,
        862,
        863,
        865,
        867,
        890,
        893,
        895,
        902,
        930,
        933,
        936,
        938,
        945,
        968,
        971,
        973,
        979,
        1010,
        1011,
        1013,
        1014,
        1017,
        1018,
        1021,
        1022,
        1025,
        1026,
        1028,
        1029,
        1030,
        1031,
        1033,
        1036,
        1037,
        1040,
        1050,
        1052,
        1061,
        1085,
        1092,
        1093,
        1095,
        1102,
        1144,
        1181,
        1182,
        1184,
        1185,
        1187,
        1189,
        1192,
        1193,
        1196,
        1200,
        1207,
        1232,
        1233,
        1235,
        1244,
        1245,
        1251,
        1253,
        1256,
        1257,
        1260,
        1263,
        1265,
        1297,
        1301,
        1304,
        1318,
        1319,
        1322,
        1323,
        1324,
        1325,
        1328,
        1329,
        1332,
        1340,
        1370,
        1371,
        1373,
        1375,
        1377,
        1379,
        1380,
        1382,
        1383,
        1386,
        1387,
        1392,
        1395,
        1396,
        1399,
        1400,
        1402,
        1403,
        1405,
        1411,
        1425,
        1426,
        1428,
        1430,
        1443,
        1445,
        1446,
        1448,
        1450
      ],
      "excluded_lines": [],
      "functions": {
        "NonNegativeRegressionWrapper.__init__": {
          "executed_lines": [],
          "summary": {
            "covered_lines": 0,
            "num_statements": 1,
            "percent_covered": 0.0,
            "percent_covered_display": "0",
            "missing_lines": 1,
            "excluded_lines": 0
          },
          "missing_lines": [
            145
          ],
          "excluded_lines": []
        },
        "NonNegativeRegressionWrapper.fit": {
          "executed_lines": [],
          "summary": {
            "covered_lines": 0,
            "num_statements": 2,
            "percent_covered": 0.0,
            "percent_covered_display": "0",
            "missing_lines": 2,
            "excluded_lines": 0
          },
          "missing_lines": [
            158,
            159
          ],
          "excluded_lines": []
        },
        "NonNegativeRegressionWrapper.predict": {
          "executed_lines": [],
          "summary": {
            "covered_lines": 0,
            "num_statements": 7,
            "percent_covered": 0.0,
            "percent_covered_display": "0",
            "missing_lines": 7,
            "excluded_lines": 0
          },
          "missing_lines": [
            181,
            184,
            185,
            186,
            188,
            189,
            195
          ],
          "excluded_lines": []
        },
        "NonNegativeRegressionWrapper.__getattr__": {
          "executed_lines": [],
          "summary": {
            "covered_lines": 0,
            "num_statements": 1,
            "percent_covered": 0.0,
            "percent_covered_display": "0",
            "missing_lines": 1,
            "excluded_lines": 0
          },
          "missing_lines": [
            209
          ],
          "excluded_lines": []
        },
        "extract_classification_features": {
          "executed_lines": [],
          "summary": {
            "covered_lines": 0,
            "num_statements": 10,
            "percent_covered": 0.0,
            "percent_covered_display": "0",
            "missing_lines": 10,
            "excluded_lines": 0
          },
          "missing_lines": [
            262,
            264,
            265,
            267,
            268,
            270,
            281,
            282,
            283,
            288
          ],
          "excluded_lines": []
        },
        "integrate_classification_features_into_dataframe": {
          "executed_lines": [],
          "summary": {
            "covered_lines": 0,
            "num_statements": 9,
            "percent_covered": 0.0,
            "percent_covered_display": "0",
            "missing_lines": 9,
            "excluded_lines": 0
          },
          "missing_lines": [
            350,
            353,
            354,
            359,
            365,
            366,
            369,
            371,
            373
          ],
          "excluded_lines": []
        },
        "prepare_regression_data": {
          "executed_lines": [],
          "summary": {
            "covered_lines": 0,
            "num_statements": 17,
            "percent_covered": 0.0,
            "percent_covered_display": "0",
            "missing_lines": 17,
            "excluded_lines": 0
          },
          "missing_lines": [
            396,
            397,
            400,
            407,
            410,
            411,
            413,
            414,
            415,
            416,
            417,
            419,
            422,
            423,
            426,
            431,
            438
          ],
          "excluded_lines": []
        },
        "create_classification_interactions": {
          "executed_lines": [],
          "summary": {
            "covered_lines": 0,
            "num_statements": 6,
            "percent_covered": 0.0,
            "percent_covered_display": "0",
            "missing_lines": 6,
            "excluded_lines": 0
          },
          "missing_lines": [
            455,
            458,
            459,
            460,
            461,
            463
          ],
          "excluded_lines": []
        },
        "train_ridge_regressor": {
          "executed_lines": [],
          "summary": {
            "covered_lines": 0,
            "num_statements": 16,
            "percent_covered": 0.0,
            "percent_covered_display": "0",
            "missing_lines": 16,
            "excluded_lines": 0
          },
          "missing_lines": [
            501,
            502,
            504,
            505,
            506,
            509,
            512,
            515,
            516,
            519,
            527,
            540,
            541,
            543,
            544,
            546
          ],
          "excluded_lines": []
        },
        "train_lasso_regressor": {
          "executed_lines": [],
          "summary": {
            "covered_lines": 0,
            "num_statements": 16,
            "percent_covered": 0.0,
            "percent_covered_display": "0",
            "missing_lines": 16,
            "excluded_lines": 0
          },
          "missing_lines": [
            579,
            580,
            582,
            583,
            584,
            587,
            593,
            596,
            599,
            602,
            603,
            605,
            607,
            608,
            610,
            622
          ],
          "excluded_lines": []
        },
        "train_elastic_net_regressor": {
          "executed_lines": [],
          "summary": {
            "covered_lines": 0,
            "num_statements": 15,
            "percent_covered": 0.0,
            "percent_covered_display": "0",
            "missing_lines": 15,
            "excluded_lines": 0
          },
          "missing_lines": [
            657,
            659,
            660,
            661,
            664,
            671,
            674,
            675,
            678,
            679,
            681,
            683,
            684,
            686,
            697
          ],
          "excluded_lines": []
        },
        "train_bayesian_ridge_regressor": {
          "executed_lines": [],
          "summary": {
            "covered_lines": 0,
            "num_statements": 5,
            "percent_covered": 0.0,
            "percent_covered_display": "0",
            "missing_lines": 5,
            "excluded_lines": 0
          },
          "missing_lines": [
            715,
            716,
            719,
            721,
            727
          ],
          "excluded_lines": []
        },
        "train_polynomial_regressor": {
          "executed_lines": [],
          "summary": {
            "covered_lines": 0,
            "num_statements": 4,
            "percent_covered": 0.0,
            "percent_covered_display": "0",
            "missing_lines": 4,
            "excluded_lines": 0
          },
          "missing_lines": [
            747,
            754,
            756,
            763
          ],
          "excluded_lines": []
        },
        "train_xgboost_regressor": {
          "executed_lines": [],
          "summary": {
            "covered_lines": 0,
            "num_statements": 8,
            "percent_covered": 0.0,
            "percent_covered_display": "0",
            "missing_lines": 8,
            "excluded_lines": 0
          },
          "missing_lines": [
            786,
            787,
            789,
            790,
            798,
            799,
            801,
            803
          ],
          "excluded_lines": []
        },
        "train_lightgbm_regressor": {
          "executed_lines": [],
          "summary": {
            "covered_lines": 0,
            "num_statements": 8,
            "percent_covered": 0.0,
            "percent_covered_display": "0",
            "missing_lines": 8,
            "excluded_lines": 0
          },
          "missing_lines": [
            821,
            822,
            824,
            825,
            833,
            834,
            836,
            838
          ],
          "excluded_lines": []
        },
        "train_catboost_regressor": {
          "executed_lines": [],
          "summary": {
            "covered_lines": 0,
            "num_statements": 8,
            "percent_covered": 0.0,
            "percent_covered_display": "0",
            "missing_lines": 8,
            "excluded_lines": 0
          },
          "missing_lines": [
            856,
            857,
            859,
            860,
            862,
            863,
            865,
            867
          ],
          "excluded_lines": []
        },
        "train_histgb_regressor": {
          "executed_lines": [],
          "summary": {
            "covered_lines": 0,
            "num_statements": 4,
            "percent_covered": 0.0,
            "percent_covered_display": "0",
            "missing_lines": 4,
            "excluded_lines": 0
          },
          "missing_lines": [
            890,
            893,
            895,
            902
          ],
          "excluded_lines": []
        },
        "train_random_forest_regressor": {
          "executed_lines": [],
          "summary": {
            "covered_lines": 0,
            "num_statements": 5,
            "percent_covered": 0.0,
            "percent_covered_display": "0",
            "missing_lines": 5,
            "excluded_lines": 0
          },
          "missing_lines": [
            930,
            933,
            936,
            938,
            945
          ],
          "excluded_lines": []
        },
        "train_extra_trees_regressor": {
          "executed_lines": [],
          "summary": {
            "covered_lines": 0,
            "num_statements": 4,
            "percent_covered": 0.0,
            "percent_covered_display": "0",
            "missing_lines": 4,
            "excluded_lines": 0
          },
          "missing_lines": [
            968,
            971,
            973,
            979
          ],
          "excluded_lines": []
        },
        "train_neural_network_regressor": {
          "executed_lines": [],
          "summary": {
            "covered_lines": 0,
            "num_statements": 21,
            "percent_covered": 0.0,
            "percent_covered_display": "0",
            "missing_lines": 21,
            "excluded_lines": 0
          },
          "missing_lines": [
            1010,
            1011,
            1013,
            1014,
            1017,
            1018,
            1021,
            1022,
            1025,
            1026,
            1028,
            1029,
            1030,
            1031,
            1033,
            1036,
            1037,
            1040,
            1050,
            1052,
            1061
          ],
          "excluded_lines": []
        },
        "train_voting_regressor": {
          "executed_lines": [],
          "summary": {
            "covered_lines": 0,
            "num_statements": 5,
            "percent_covered": 0.0,
            "percent_covered_display": "0",
            "missing_lines": 5,
            "excluded_lines": 0
          },
          "missing_lines": [
            1085,
            1092,
            1093,
            1095,
            1102
          ],
          "excluded_lines": []
        },
        "train_stacking_regressor": {
          "executed_lines": [
            1127,
            1134,
            1137,
            1140,
            1143,
            1146,
            1149,
            1151,
            1161
          ],
          "summary": {
            "covered_lines": 9,
            "num_statements": 10,
            "percent_covered": 90.0,
            "percent_covered_display": "90",
            "missing_lines": 1,
            "excluded_lines": 0
          },
          "missing_lines": [
            1144
          ],
          "excluded_lines": []
        },
        "train_quantile_regressor": {
          "executed_lines": [],
          "summary": {
            "covered_lines": 0,
            "num_statements": 11,
            "percent_covered": 0.0,
            "percent_covered_display": "0",
            "missing_lines": 11,
            "excluded_lines": 0
          },
          "missing_lines": [
            1181,
            1182,
            1184,
            1185,
            1187,
            1189,
            1192,
            1193,
            1196,
            1200,
            1207
          ],
          "excluded_lines": []
        },
        "optimize_hyperparameters_optuna": {
          "executed_lines": [],
          "summary": {
            "covered_lines": 0,
            "num_statements": 6,
            "percent_covered": 0.0,
            "percent_covered_display": "0",
            "missing_lines": 6,
            "excluded_lines": 0
          },
          "missing_lines": [
            1232,
            1233,
            1235,
            1260,
            1263,
            1265
          ],
          "excluded_lines": []
        },
        "optimize_hyperparameters_optuna.objective": {
          "executed_lines": [],
          "summary": {
            "covered_lines": 0,
            "num_statements": 6,
            "percent_covered": 0.0,
            "percent_covered_display": "0",
            "missing_lines": 6,
            "excluded_lines": 0
          },
          "missing_lines": [
            1244,
            1245,
            1251,
            1253,
            1256,
            1257
          ],
          "excluded_lines": []
        },
        "compare_regressors": {
          "executed_lines": [],
          "summary": {
            "covered_lines": 0,
            "num_statements": 13,
            "percent_covered": 0.0,
            "percent_covered_display": "0",
            "missing_lines": 13,
            "excluded_lines": 0
          },
          "missing_lines": [
            1297,
            1301,
            1304,
            1318,
            1319,
            1322,
            1323,
            1324,
            1325,
            1328,
            1329,
            1332,
            1340
          ],
          "excluded_lines": []
        },
        "train_sector_specific_models": {
          "executed_lines": [],
          "summary": {
            "covered_lines": 0,
            "num_statements": 20,
            "percent_covered": 0.0,
            "percent_covered_display": "0",
            "missing_lines": 20,
            "excluded_lines": 0
          },
          "missing_lines": [
            1370,
            1371,
            1373,
            1375,
            1377,
            1379,
            1380,
            1382,
            1383,
            1386,
            1387,
            1392,
            1395,
            1396,
            1399,
            1400,
            1402,
            1403,
            1405,
            1411
          ],
          "excluded_lines": []
        },
        "save_model": {
          "executed_lines": [],
          "summary": {
            "covered_lines": 0,
            "num_statements": 4,
            "percent_covered": 0.0,
            "percent_covered_display": "0",
            "missing_lines": 4,
            "excluded_lines": 0
          },
          "missing_lines": [
            1425,
            1426,
            1428,
            1430
          ],
          "excluded_lines": []
        },
        "load_model": {
          "executed_lines": [],
          "summary": {
            "covered_lines": 0,
            "num_statements": 5,
            "percent_covered": 0.0,
            "percent_covered_display": "0",
            "missing_lines": 5,
            "excluded_lines": 0
          },
          "missing_lines": [
            1443,
            1445,
            1446,
            1448,
            1450
          ],
          "excluded_lines": []
        },
        "": {
          "executed_lines": [
            1,
            20,
            21,
            22,
            23,
            25,
            26,
            27,
            28,
            36,
            37,
            39,
            40,
            41,
            44,
            45,
            47,
            52,
            53,
            55,
            60,
            61,
            63,
            68,
            69,
            71,
            76,
            77,
            78,
            79,
            81,
            89,
            97,
            98,
            138,
            147,
            161,
            197,
            217,
            291,
            376,
            441,
            471,
            549,
            625,
            700,
            730,
            771,
            806,
            841,
            870,
            910,
            948,
            982,
            1069,
            1105,
            1164,
            1210,
            1273,
            1343,
            1414,
            1433
          ],
          "summary": {
            "covered_lines": 60,
            "num_statements": 77,
            "percent_covered": 77.92207792207792,
            "percent_covered_display": "78",
            "missing_lines": 17,
            "excluded_lines": 0
          },
          "missing_lines": [
            48,
            49,
            50,
            56,
            57,
            58,
            64,
            65,
            66,
            72,
            73,
            74,
            82,
            83,
            84,
            85,
            86
          ],
          "excluded_lines": []
        }
      },
      "classes": {
        "NonNegativeRegressionWrapper": {
          "executed_lines": [],
          "summary": {
            "covered_lines": 0,
            "num_statements": 11,
            "percent_covered": 0.0,
            "percent_covered_display": "0",
            "missing_lines": 11,
            "excluded_lines": 0
          },
          "missing_lines": [
            145,
            158,
            159,
            181,
            184,
            185,
            186,
            188,
            189,
            195,
            209
          ],
          "excluded_lines": []
        },
        "": {
          "executed_lines": [
            1,
            20,
            21,
            22,
            23,
            25,
            26,
            27,
            28,
            36,
            37,
            39,
            40,
            41,
            44,
            45,
            47,
            52,
            53,
            55,
            60,
            61,
            63,
            68,
            69,
            71,
            76,
            77,
            78,
            79,
            81,
            89,
            97,
            98,
            138,
            147,
            161,
            197,
            217,
            291,
            376,
            441,
            471,
            549,
            625,
            700,
            730,
            771,
            806,
            841,
            870,
            910,
            948,
            982,
            1069,
            1105,
            1127,
            1134,
            1137,
            1140,
            1143,
            1146,
            1149,
            1151,
            1161,
            1164,
            1210,
            1273,
            1343,
            1414,
            1433
          ],
          "summary": {
            "covered_lines": 69,
            "num_statements": 313,
            "percent_covered": 22.044728434504794,
            "percent_covered_display": "22",
            "missing_lines": 244,
            "excluded_lines": 0
          },
          "missing_lines": [
            48,
            49,
            50,
            56,
            57,
            58,
            64,
            65,
            66,
            72,
            73,
            74,
            82,
            83,
            84,
            85,
            86,
            262,
            264,
            265,
            267,
            268,
            270,
            281,
            282,
            283,
            288,
            350,
            353,
            354,
            359,
            365,
            366,
            369,
            371,
            373,
            396,
            397,
            400,
            407,
            410,
            411,
            413,
            414,
            415,
            416,
            417,
            419,
            422,
            423,
            426,
            431,
            438,
            455,
            458,
            459,
            460,
            461,
            463,
            501,
            502,
            504,
            505,
            506,
            509,
            512,
            515,
            516,
            519,
            527,
            540,
            541,
            543,
            544,
            546,
            579,
            580,
            582,
            583,
            584,
            587,
            593,
            596,
            599,
            602,
            603,
            605,
            607,
            608,
            610,
            622,
            657,
            659,
            660,
            661,
            664,
            671,
            674,
            675,
            678,
            679,
            681,
            683,
            684,
            686,
            697,
            715,
            716,
            719,
            721,
            727,
            747,
            754,
            756,
            763,
            786,
            787,
            789,
            790,
            798,
            799,
            801,
            803,
            821,
            822,
            824,
            825,
            833,
            834,
            836,
            838,
            856,
            857,
            859,
            860,
            862,
            863,
            865,
            867,
            890,
            893,
            895,
            902,
            930,
            933,
            936,
            938,
            945,
            968,
            971,
            973,
            979,
            1010,
            1011,
            1013,
            1014,
            1017,
            1018,
            1021,
            1022,
            1025,
            1026,
            1028,
            1029,
            1030,
            1031,
            1033,
            1036,
            1037,
            1040,
            1050,
            1052,
            1061,
            1085,
            1092,
            1093,
            1095,
            1102,
            1144,
            1181,
            1182,
            1184,
            1185,
            1187,
            1189,
            1192,
            1193,
            1196,
            1200,
            1207,
            1232,
            1233,
            1235,
            1244,
            1245,
            1251,
            1253,
            1256,
            1257,
            1260,
            1263,
            1265,
            1297,
            1301,
            1304,
            1318,
            1319,
            1322,
            1323,
            1324,
            1325,
            1328,
            1329,
            1332,
            1340,
            1370,
            1371,
            1373,
            1375,
            1377,
            1379,
            1380,
            1382,
            1383,
            1386,
            1387,
            1392,
            1395,
            1396,
            1399,
            1400,
            1402,
            1403,
            1405,
            1411,
            1425,
            1426,
            1428,
            1430,
            1443,
            1445,
            1446,
            1448,
            1450
          ],
          "excluded_lines": []
        }
      }
    },
    "finance_ml\\advanced_preprocessing.py": {
      "executed_lines": [
        1,
        14,
        16,
        17,
        18,
        20,
        21,
        22,
        23,
        24,
        26,
        29,
        30,
        31,
        33,
        34,
        35,
        36,
        37,
        38,
        40,
        52,
        115,
        177,
        215,
        269,
        350,
        415,
        525,
        551,
        594,
        660,
        865,
        904,
        945
      ],
      "summary": {
        "covered_lines": 33,
        "num_statements": 290,
        "percent_covered": 11.379310344827585,
        "percent_covered_display": "11",
        "missing_lines": 257,
        "excluded_lines": 0
      },
      "missing_lines": [
        42,
        69,
        71,
        72,
        74,
        75,
        76,
        78,
        80,
        82,
        84,
        85,
        86,
        88,
        89,
        91,
        92,
        93,
        95,
        96,
        98,
        99,
        102,
        103,
        104,
        106,
        107,
        109,
        111,
        112,
        132,
        134,
        135,
        137,
        138,
        139,
        141,
        143,
        145,
        147,
        148,
        149,
        151,
        152,
        154,
        155,
        157,
        158,
        160,
        161,
        164,
        165,
        167,
        168,
        169,
        171,
        173,
        174,
        194,
        195,
        198,
        201,
        202,
        203,
        206,
        208,
        209,
        211,
        212,
        234,
        236,
        237,
        239,
        240,
        241,
        243,
        245,
        246,
        247,
        249,
        250,
        252,
        253,
        255,
        258,
        259,
        261,
        263,
        266,
        278,
        279,
        282,
        283,
        284,
        286,
        287,
        288,
        290,
        291,
        294,
        295,
        296,
        298,
        299,
        300,
        303,
        304,
        306,
        309,
        310,
        311,
        313,
        314,
        315,
        318,
        319,
        322,
        323,
        324,
        325,
        326,
        328,
        330,
        331,
        332,
        335,
        337,
        346,
        347,
        370,
        372,
[...]
            "num_statements": 23,
            "percent_covered": 0.0,
            "percent_covered_display": "0",
            "missing_lines": 23,
            "excluded_lines": 0
          },
          "missing_lines": [
            307,
            308,
            310,
            313,
            314,
            317,
            318,
            319,
            320,
            321,
            324,
            325,
            326,
            327,
            329,
            330,
            331,
            332,
            335,
            336,
            339,
            340,
            342
          ],
          "excluded_lines": []
        },
        "": {
          "executed_lines": [
            1,
            14,
            16,
            18,
            19,
            20,
            23,
            59,
            99,
            135,
            180,
            232,
            281
          ],
          "summary": {
            "covered_lines": 12,
            "num_statements": 12,
            "percent_covered": 100.0,
            "percent_covered_display": "100",
            "missing_lines": 0,
            "excluded_lines": 0
          },
          "missing_lines": [],
          "excluded_lines": []
        }
      },
      "classes": {
        "": {
          "executed_lines": [
            1,
            14,
            16,
            18,
            19,
            20,
            23,
            59,
            99,
            135,
            180,
            232,
            281
          ],
          "summary": {
            "covered_lines": 12,
            "num_statements": 90,
            "percent_covered": 13.333333333333334,
            "percent_covered_display": "13",
            "missing_lines": 78,
            "excluded_lines": 0
          },
          "missing_lines": [
            45,
            46,
            48,
            49,
            53,
            54,
            56,
            79,
            80,
            82,
            83,
            86,
            87,
            90,
            91,
            94,
            96,
            120,
            121,
            123,
            124,
            127,
            130,
            132,
            159,
            160,
            163,
            164,
            167,
            168,
            171,
            174,
            175,
            177,
            208,
            209,
            212,
            215,
            216,
            219,
            220,
            223,
            226,
            227,
            229,
            253,
            254,
            257,
            260,
            263,
            265,
            267,
            268,
            270,
            278,
            307,
            308,
            310,
            313,
            314,
            317,
            318,
            319,
            320,
            321,
            324,
            325,
            326,
            327,
            329,
            330,
            331,
            332,
            335,
            336,
            339,
            340,
            342
          ],
          "excluded_lines": []
        }
      }
    },
    "finance_ml\\transformers.py": {
      "executed_lines": [
        1,
        16,
        17,
        19,
        20,
        21,
        22,
        24,
        32,
        33,
        58,
        70,
        114,
        135,
        213,
        214,
        233,
        247,
        259,
        295,
        296,
        323,
        331,
        342,
        381,
        398,
        399,
        415,
        425,
        468,
        481
      ],
      "summary": {
        "covered_lines": 26,
        "num_statements": 134,
        "percent_covered": 19.402985074626866,
        "percent_covered_display": "19",
        "missing_lines": 108,
        "excluded_lines": 0
      },
      "missing_lines": [
        64,
        65,
        66,
        67,
        68,
        80,
        81,
        83,
        85,
        88,
        91,
        92,
        93,
        94,
        97,
        105,
        109,
        111,
        112,
        123,
        125,
        126,
        127,
        130,
        131,
        133,
        152,
        153,
        155,
        156,
        158,
        159,
        162,
        165,
        168,
        170,
        171,
        172,
        175,
        178,
        179,
        180,
        183,
        190,
        194,
        197,
        202,
        204,
        205,
        241,
        242,
        243,
        244,
        245,
        257,
        268,
        271,
        272,
        273,
        274,
        276,
        277,
        280,
        281,
        284,
        287,
        288,
        290,
        292,
        337,
        338,
        339,
        340,
        352,
        354,
        355,
        356,
        357,
        359,
        362,
        363,
        366,
        368,
        376,
        378,
        379,
        390,
        392,
        393,
        395,
        420,
        421,
        422,
        423,
        436,
        441,
        442,
        445,
        446,
        447,
        448,
        449,
        453,
        455,
        460,
        462,
        466,
        477
      ],
      "excluded_lines": [],
      "functions": {
        "RegularizedTargetEncoder.__init__": {
          "executed_lines": [],
          "summary": {
            "covered_lines": 0,
            "num_statements": 5,
            "percent_covered": 0.0,
            "percent_covered_display": "0",
            "missing_lines": 5,
            "excluded_lines": 0
          },
          "missing_lines": [
            64,
            65,
            66,
            67,
            68
          ],
          "excluded_lines": []
        },
        "RegularizedTargetEncoder.fit": {
          "executed_lines": [],
          "summary": {
            "covered_lines": 0,
            "num_statements": 14,
            "percent_covered": 0.0,
            "percent_covered_display": "0",
            "missing_lines": 14,
            "excluded_lines": 0
          },
          "missing_lines": [
            80,
            81,
            83,
            85,
            88,
            91,
            92,
            93,
            94,
            97,
            105,
            109,
            111,
            112
          ],
          "excluded_lines": []
        },
        "RegularizedTargetEncoder.transform": {
          "executed_lines": [],
          "summary": {
            "covered_lines": 0,
            "num_statements": 7,
            "percent_covered": 0.0,
            "percent_covered_display": "0",
            "missing_lines": 7,
            "excluded_lines": 0
          },
          "missing_lines": [
            123,
            125,
            126,
            127,
            130,
            131,
            133
          ],
          "excluded_lines": []
        },
        "RegularizedTargetEncoder.fit_transform": {
          "executed_lines": [],
          "summary": {
            "covered_lines": 0,
            "num_statements": 23,
            "percent_covered": 0.0,
            "percent_covered_display": "0",
            "missing_lines": 23,
            "excluded_lines": 0
          },
          "missing_lines": [
            152,
            153,
            155,
            156,
            158,
            159,
            162,
            165,
            168,
            170,
            171,
            172,
            175,
            178,
            179,
            180,
            183,
            190,
            194,
            197,
            202,
            204,
            205
          ],
          "excluded_lines": []
        },
        "SafeDivisionTransformer.__init__": {
          "executed_lines": [],
          "summary": {
            "covered_lines": 0,
            "num_statements": 5,
            "percent_covered": 0.0,
            "percent_covered_display": "0",
            "missing_lines": 5,
            "excluded_lines": 0
          },
          "missing_lines": [
            241,
            242,
            243,
            244,
            245
          ],
          "excluded_lines": []
        },
        "SafeDivisionTransformer.fit": {
          "executed_lines": [],
          "summary": {
            "covered_lines": 0,
            "num_statements": 1,
            "percent_covered": 0.0,
            "percent_covered_display": "0",
            "missing_lines": 1,
            "excluded_lines": 0
          },
          "missing_lines": [
            257
          ],
          "excluded_lines": []
        },
        "SafeDivisionTransformer.transform": {
          "executed_lines": [],
          "summary": {
            "covered_lines": 0,
            "num_statements": 14,
            "percent_covered": 0.0,
            "percent_covered_display": "0",
            "missing_lines": 14,
            "excluded_lines": 0
          },
          "missing_lines": [
            268,
            271,
            272,
            273,
            274,
            276,
            277,
            280,
            281,
            284,
            287,
            288,
            290,
            292
          ],
          "excluded_lines": []
        },
        "FinancialRatioTransformer.__init__": {
          "executed_lines": [],
          "summary": {
            "covered_lines": 0,
            "num_statements": 4,
            "percent_covered": 0.0,
            "percent_covered_display": "0",
            "missing_lines": 4,
            "excluded_lines": 0
          },
          "missing_lines": [
            337,
            338,
            339,
            340
          ],
          "excluded_lines": []
        },
        "FinancialRatioTransformer.fit": {
          "executed_lines": [],
          "summary": {
            "covered_lines": 0,
            "num_statements": 13,
            "percent_covered": 0.0,
            "percent_covered_display": "0",
            "missing_lines": 13,
            "excluded_lines": 0
          },
          "missing_lines": [
            352,
            354,
            355,
            356,
            357,
            359,
            362,
            363,
            366,
            368,
            376,
            378,
            379
          ],
          "excluded_lines": []
        },
        "FinancialRatioTransformer.transform": {
          "executed_lines": [],
          "summary": {
            "covered_lines": 0,
            "num_statements": 4,
            "percent_covered": 0.0,
            "percent_covered_display": "0",
            "missing_lines": 4,
            "excluded_lines": 0
          },
          "missing_lines": [
            390,
            392,
            393,
            395
          ],
          "excluded_lines": []
        },
        "ValuationRatioTransformer.__init__": {
          "executed_lines": [],
          "summary": {
            "covered_lines": 0,
            "num_statements": 4,
            "percent_covered": 0.0,
            "percent_covered_display": "0",
            "missing_lines": 4,
            "excluded_lines": 0
          },
          "missing_lines": [
            420,
            421,
            422,
            423
          ],
          "excluded_lines": []
        },
        "ValuationRatioTransformer.fit": {
          "executed_lines": [],
          "summary": {
            "covered_lines": 0,
            "num_statements": 13,
            "percent_covered": 0.0,
            "percent_covered_display": "0",
            "missing_lines": 13,
            "excluded_lines": 0
          },
          "missing_lines": [
            436,
            441,
            442,
            445,
            446,
            447,
            448,
            449,
            453,
            455,
            460,
            462,
            466
          ],
          "excluded_lines": []
        },
        "ValuationRatioTransformer.transform": {
          "executed_lines": [],
          "summary": {
            "covered_lines": 0,
            "num_statements": 1,
            "percent_covered": 0.0,
            "percent_covered_display": "0",
            "missing_lines": 1,
            "excluded_lines": 0
          },
          "missing_lines": [
            477
          ],
          "excluded_lines": []
        },
        "": {
          "executed_lines": [
            1,
            16,
            17,
            19,
            20,
            21,
            22,
            24,
            32,
            33,
            58,
            70,
            114,
            135,
            213,
            214,
            233,
            247,
            259,
            295,
            296,
            323,
            331,
            342,
            381,
            398,
            399,
            415,
            425,
            468,
            481
          ],
          "summary": {
            "covered_lines": 26,
            "num_statements": 26,
            "percent_covered": 100.0,
            "percent_covered_display": "100",
            "missing_lines": 0,
            "excluded_lines": 0
          },
          "missing_lines": [],
          "excluded_lines": []
        }
      },
      "classes": {
        "RegularizedTargetEncoder": {
          "executed_lines": [],
          "summary": {
            "covered_lines": 0,
            "num_statements": 49,
            "percent_covered": 0.0,
            "percent_covered_display": "0",
            "missing_lines": 49,
            "excluded_lines": 0
          },
          "missing_lines": [
            64,
            65,
            66,
            67,
            68,
            80,
            81,
            83,
            85,
            88,
            91,
            92,
            93,
            94,
            97,
            105,
            109,
            111,
            112,
            123,
            125,
            126,
            127,
            130,
            131,
            133,
            152,
            153,
            155,
            156,
            158,
            159,
            162,
            165,
            168,
            170,
            171,
            172,
            175,
            178,
            179,
            180,
            183,
            190,
            194,
            197,
            202,
            204,
            205
          ],
          "excluded_lines": []
        },
        "SafeDivisionTransformer": {
          "executed_lines": [],
          "summary": {
            "covered_lines": 0,
            "num_statements": 20,
            "percent_covered": 0.0,
            "percent_covered_display": "0",
            "missing_lines": 20,
            "excluded_lines": 0
          },
          "missing_lines": [
            241,
            242,
            243,
            244,
            245,
            257,
            268,
            271,
            272,
            273,
            274,
            276,
            277,
            280,
            281,
            284,
            287,
            288,
            290,
            292
          ],
          "excluded_lines": []
        },
        "FinancialRatioTransformer": {
          "executed_lines": [],
          "summary": {
            "covered_lines": 0,
            "num_statements": 21,
            "percent_covered": 0.0,
            "percent_covered_display": "0",
            "missing_lines": 21,
            "excluded_lines": 0
          },
          "missing_lines": [
            337,
            338,
            339,
            340,
            352,
            354,
            355,
            356,
            357,
            359,
            362,
            363,
            366,
            368,
            376,
            378,
            379,
            390,
            392,
            393,
            395
          ],
          "excluded_lines": []
        },
        "ValuationRatioTransformer": {
          "executed_lines": [],
          "summary": {
            "covered_lines": 0,
            "num_statements": 18,
            "percent_covered": 0.0,
            "percent_covered_display": "0",
            "missing_lines": 18,
            "excluded_lines": 0
          },
          "missing_lines": [
            420,
            421,
            422,
            423,
            436,
            441,
            442,
            445,
            446,
            447,
            448,
            449,
            453,
            455,
            460,
            462,
            466,
            477
          ],
          "excluded_lines": []
        },
        "": {
          "executed_lines": [
            1,
            16,
            17,
            19,
            20,
            21,
            22,
            24,
            32,
            33,
            58,
            70,
            114,
            135,
            213,
            214,
            233,
            247,
            259,
            295,
            296,
            323,
            331,
            342,
            381,
            398,
            399,
            415,
            425,
            468,
            481
          ],
          "summary": {
            "covered_lines": 26,
            "num_statements": 26,
            "percent_covered": 100.0,
            "percent_covered_display": "100",
            "missing_lines": 0,
            "excluded_lines": 0
          },
          "missing_lines": [],
          "excluded_lines": []
        }
      }
    },
    "finance_ml\\verify_requirements.py": {
      "executed_lines": [],
      "summary": {
        "covered_lines": 0,
        "num_statements": 20,
        "percent_covered": 0.0,
        "percent_covered_display": "0",
        "missing_lines": 20,
        "excluded_lines": 0
      },
      "missing_lines": [
        7,
        9,
        11,
        20,
        21,
        23,
        24,
        25,
        26,
        27,
        28,
        29,
        31,
        32,
        33,
        34,
        35,
        36,
        37,
        39
      ],
      "excluded_lines": [],
      "functions": {
        "": {
          "executed_lines": [],
          "summary": {
            "covered_lines": 0,
            "num_statements": 20,
            "percent_covered": 0.0,
            "percent_covered_display": "0",
            "missing_lines": 20,
            "excluded_lines": 0
          },
          "missing_lines": [
            7,
            9,
            11,
            20,
            21,
            23,
            24,
            25,
            26,
            27,
            28,
            29,
            31,
            32,
            33,
            34,
            35,
            36,
            37,
            39
          ],
          "excluded_lines": []
        }
      },
      "classes": {
        "": {
          "executed_lines": [],
          "summary": {
            "covered_lines": 0,
            "num_statements": 20,
            "percent_covered": 0.0,
            "percent_covered_display": "0",
            "missing_lines": 20,
            "excluded_lines": 0
          },
          "missing_lines": [
            7,
            9,
            11,
            20,
            21,
            23,
            24,
            25,
            26,
            27,
            28,
            29,
            31,
            32,
            33,
            34,
            35,
            36,
            37,
            39
          ],
          "excluded_lines": []
        }
      }
    }
  },
  "totals": {
    "covered_lines": 1220,
    "num_statements": 6823,
    "percent_covered": 17.880697640334162,
    "percent_covered_display": "18",
    "missing_lines": 5603,
    "excluded_lines": 8
  }
}