{
  "meta": {
    "format": 3,
    "version": "7.11.0",
    "timestamp": "2025-11-01T12:15:20.236773",
    "branch_coverage": false,
    "show_contexts": false
  },
  "files": {
    "finance_ml\\eval.py": {
      "executed_lines": [
        2,
        4,
        6,
        15,
        16,
        17,
        18,
        20,
        21,
        24,
        25,
        26,
        31,
        32,
        33,
        39,
        68,
        131,
        145,
        159,
        182,
        690,
        786,
        860,
        923,
        986,
        1055,
        1129,
        1241,
        1276,
        1342,
        1378,
        1423,
        1458,
        1508,
        1542,
        1580,
        1658,
        1722,
        1800,
        1841,
        1874,
        1933,
        1981,
        2053,
        2102,
        2213,
        2248,
        2338,
        2382,
        2399,
        2416,
        2485,
        2532,
        2611,
        2655,
        2695,
        2783,
        2842,
        2916,
        2998,
        3206,
        3307,
        3490,
        3541,
        3564,
        3567,
        3570,
        3575,
        3576,
        3577,
        3579,
        3582,
        3607,
        3610,
        3611,
        3615,
        3616,
        3617,
        3618,
        3619,
        3622,
        3623,
        3625,
        3632,
        3654,
        3657,
        3658,
        3661,
        3663,
        3665,
        3672,
        3694,
        3695,
        3698,
        3703,
        3709,
        3712,
        3736,
        3740,
        3744,
        3749,
        3750,
        3751,
        3753,
        3754,
        3756,
        3758,
        3759,
        3761,
        3769,
        3792,
        3793,
        3796,
        3797,
        3799,
        3801,
        3802,
        3805,
        3808,
        3810,
        3816,
        3819,
        3839,
        3840,
        3842,
        3843,
        3846,
        3848,
        3849,
        3850,
        3851,
        3853,
        3855,
        3862,
        3894,
        3895,
        3897,
        3898,
        3899,
        3902,
        3903,
        3905,
        3910,
        3912,
        3917,
        3920,
        3921,
        3922,
        3923,
        3924,
        3928,
        3934,
        3935,
        3941,
        3942,
        3946,
        3952,
        3953,
        3954,
        3958,
        3963,
        3964,
        3967,
        3973,
        3974,
        3977,
        3978,
        3980,
        3983,
        3984,
        3989,
        3990,
        3995,
        3996,
        3997,
        4001,
        4005,
        4009,
        4013,
        4019,
        4020,
        4021,
        4025,
        4029,
        4033,
        4038,
        4039,
        4042,
        4043,
        4045,
        4046,
        4047,
        4055,
        4056,
        4057,
        4060,
        4062
      ],
      "summary": {
        "covered_lines": 198,
        "num_statements": 1416,
        "percent_covered": 13.983050847457626,
        "percent_covered_display": "14",
        "missing_lines": 1218,
        "excluded_lines": 0
      },
      "missing_lines": [
        27,
        28,
        29,
        34,
        35,
        36,
        58,
        59,
        61,
        62,
        64,
        65,
        101,
        104,
        105,
        107,
        108,
        111,
        114,
        120,
        122,
        123,
        126,
        128,
        141,
        142,
        155,
        156,
        172,
        173,
        175,
        176,
        177,
        179,
        206,
        208,
        209,
        210,
        212,
        215,
        216,
        217,
        218,
        220,
        221,
        222,
        223,
        224,
        225,
        226,
        227,
        228,
        229,
        230,
        231,
        232,
        235,
        236,
        237,
        238,
        239,
        241,
        255,
        256,
        258,
        260,
        263,
        264,
        265,
        267,
        269,
        270,
        271,
        272,
        273,
        274,
        275,
        276,
        277,
        278,
        279,
        280,
        284,
        285,
        286,
        287,
        288,
        289,
        291,
        293,
        294,
        296,
        297,
        298,
        299,
        300,
        302,
        303,
        304,
        305,
        307,
        309,
        310,
        311,
        312,
        313,
        315,
        316,
        319,
        322,
        323,
        324,
        327,
        329,
        330,
        331,
        332,
        333,
        335,
        337,
        338,
        339,
        340,
        342,
        344,
        345,
        346,
        347,
        349,
        351,
        353,
        357,
        358,
        359,
        361,
        362,
        363,
        364,
        366,
        368,
        369,
        370,
        371,
        372,
        373,
        374,
        380,
        382,
        383,
        384,
        385,
        387,
        389,
        394,
        395,
        396,
        397,
        400,
        402,
        406,
        407,
        408,
        409,
        410,
        412,
        413,
        414,
        415,
        417,
        419,
        420,
        421,
        422,
        423,
        424,
        425,
        431,
        433,
        434,
        435,
        436,
        439,
        440,
        441,
        442,
        443,
        444,
        445,
        446,
        449,
        450,
        452,
        453,
        454,
        455,
        458,
        459,
        460,
        462,
        463,
        466,
        467,
        469,
        470,
        471,
        472,
        474,
        475,
        476,
        477,
        480,
        481,
        483,
        484,
        485,
        486,
        488,
        489,
        490,
        491,
        494,
        495,
        499,
        500,
        501,
        502,
        504,
        505,
        506,
        507,
        509,
        511,
        513,
        514,
        515,
        516,
        518,
        521,
        522,
        524,
        526,
        527,
        530,
        531,
        533,
        540,
        541,
        542,
        545,
        546,
        547,
        548,
        554,
        555,
        556,
        557,
        560,
        561,
        562,
        563,
        569,
        570,
        572,
        573,
        574,
        575,
        576,
        578,
        580,
        581,
        582,
        583,
        585,
        588,
        589,
        590,
        591,
        593,
        595,
        596,
        597,
        598,
        601,
        602,
        603,
        605,
        607,
        608,
        609,
        614,
        615,
        617,
        619,
        620,
        621,
        622,
        623,
        624,
        627,
        628,
        630,
        631,
        632,
        633,
        634,
        637,
        638,
        639,
        640,
        650,
        651,
        652,
        653,
        654,
        655,
        658,
        659,
        660,
        662,
        663,
        664,
        665,
        667,
        669,
        670,
        671,
        672,
        675,
        676,
        677,
        678,
        681,
        682,
        684,
        685,
        687,
        701,
        702,
        704,
        705,
        706,
        708,
        710,
        712,
        744,
        745,
        748,
        749,
        763,
        766,
        768,
        769,
        770,
        772,
        773,
        774,
        775,
        776,
        777,
        779,
        780,
        781,
        800,
        801,
        804,
        807,
        808,
        809,
        810,
        813,
        814,
        816,
        819,
        823,
        824,
        825,
        828,
        829,
        830,
        831,
        834,
        835,
        844,
        845,
        846,
        847,
        849,
        850,
        851,
        853,
        855,
        856,
        857,
        870,
        871,
        873,
        875,
        876,
        879,
        882,
        883,
        884,
        885,
        888,
        899,
        900,
        901,
        902,
        912,
        913,
        914,
        916,
        918,
        919,
        920,
        936,
        937,
        939,
        941,
        942,
        943,
        946,
        947,
        948,
        949,
        952,
        955,
        956,
        957,
        960,
        961,
        970,
        971,
        972,
        973,
        975,
        976,
        977,
        979,
        981,
        982,
        983,
        1004,
        1005,
        1006,
        1008,
        1010,
        1012,
        1013,
        1014,
        1017,
        1018,
        1019,
        1022,
        1023,
        1024,
        1025,
        1027,
        1030,
        1031,
        1032,
        1033,
        1034,
        1035,
        1038,
        1039,
        1041,
        1043,
        1044,
        1045,
        1046,
        1048,
        1050,
        1051,
        1052,
        1073,
        1074,
        1075,
        1077,
        1079,
        1081,
        1082,
        1083,
        1086,
        1087,
        1088,
        1091,
        1092,
        1093,
        1094,
        1096,
        1099,
        1100,
        1101,
        1102,
        1103,
        1104,
        1105,
        1106,
        1108,
        1109,
        1112,
        1113,
        1115,
        1117,
        1118,
        1119,
        1120,
        1122,
        1124,
        1125,
        1126,
        1150,
        1151,
        1152,
        1154,
        1156,
        1158,
        1159,
        1160,
        1163,
        1164,
        1167,
        1168,
        1171,
        1172,
        1173,
        1175,
        1176,
        1177,
        1180,
        1181,
        1182,
        1185,
        1188,
        1200,
        1201,
        1204,
        1205,
        1206,
        1215,
        1217,
        1218,
        1219,
        1220,
        1222,
        1224,
        1225,
        1226,
        1227,
        1229,
        1231,
        1232,
        1233,
        1259,
        1260,
        1265,
        1267,
        1268,
        1271,
        1273,
        1301,
        1302,
        1303,
        1304,
        1309,
        1311,
        1312,
        1315,
        1316,
        1318,
        1319,
        1320,
        1321,
        1322,
        1324,
        1325,
        1327,
        1328,
        1329,
        1330,
        1331,
        1333,
        1334,
        1337,
        1339,
        1358,
        1359,
        1362,
        1363,
        1364,
        1365,
        1366,
        1367,
        1369,
        1370,
        1373,
        1375,
        1391,
        1393,
        1395,
        1396,
        1397,
        1399,
        1401,
        1402,
        1408,
        1411,
        1413,
        1420,
        1435,
        1437,
        1439,
        1440,
        1441,
        1443,
        1445,
        1446,
        1448,
        1449,
        1451,
        1455,
        1474,
        1476,
        1477,
        1478,
        1480,
        1482,
        1484,
        1485,
        1487,
        1488,
        1490,
        1491,
        1493,
        1495,
        1496,
        1498,
        1499,
        1501,
        1503,
        1505,
        1523,
        1526,
        1527,
        1530,
        1531,
        1535,
        1539,
        1557,
        1560,
        1561,
        1564,
        1565,
        1567,
        1570,
        1573,
        1577,
        1604,
        1605,
        1606,
        1607,
        1612,
        1613,
        1616,
        1617,
        1620,
        1621,
        1622,
        1623,
        1625,
        1626,
        1629,
        1630,
        1631,
        1632,
        1634,
        1636,
        1639,
        1640,
        1641,
        1643,
        1644,
        1647,
        1650,
        1653,
        1655,
        1686,
        1687,
        1688,
        1689,
        1690,
        1695,
        1698,
        1699,
        1702,
        1703,
        1706,
        1707,
        1710,
        1714,
        1756,
        1757,
        1758,
        1759,
        1764,
        1767,
        1770,
        1771,
        1774,
        1775,
        1778,
        1784,
        1787,
        1791,
        1812,
        1813,
        1816,
        1819,
        1820,
        1823,
        1824,
        1827,
        1831,
        1853,
        1854,
        1857,
        1860,
        1861,
        1864,
        1865,
        1868,
        1869,
        1871,
        1895,
        1898,
        1899,
        1900,
        1901,
        1903,
        1905,
        1906,
        1908,
        1909,
        1917,
        1918,
        1919,
        1920,
        1922,
        1924,
        1949,
        1952,
        1953,
        1955,
        1956,
        1964,
        1965,
        1966,
        1967,
        1969,
        1971,
        2002,
        2009,
        2010,
        2013,
        2014,
        2015,
        2021,
        2022,
        2023,
        2029,
        2030,
        2031,
        2036,
        2038,
        2048,
        2050,
        2068,
        2070,
        2071,
        2073,
        2076,
        2077,
        2078,
        2079,
        2081,
        2082,
        2084,
        2087,
        2088,
        2089,
        2090,
        2092,
        2094,
        2125,
        2134,
        2135,
        2138,
        2139,
        2140,
        2142,
        2143,
        2144,
        2145,
        2146,
        2149,
        2150,
        2151,
        2153,
        2156,
        2157,
        2158,
        2169,
        2170,
        2171,
        2172,
        2173,
        2174,
        2177,
        2178,
        2179,
        2190,
        2191,
        2192,
        2193,
        2194,
        2197,
        2198,
        2199,
        2200,
        2202,
        2226,
        2228,
        2229,
        2230,
        2231,
        2233,
        2234,
        2235,
        2236,
        2237,
        2239,
        2242,
        2245,
        2262,
        2264,
        2265,
        2266,
        2269,
        2277,
        2278,
        2279,
        2282,
        2285,
        2287,
        2295,
        2296,
        2297,
        2300,
        2301,
        2302,
        2303,
        2304,
        2305,
        2306,
        2307,
        2308,
        2311,
        2312,
        2313,
        2314,
        2315,
        2316,
        2319,
        2320,
        2323,
        2324,
        2325,
        2327,
        2328,
        2329,
        2330,
        2331,
        2332,
        2333,
        2335,
        2351,
        2354,
        2355,
        2356,
        2359,
        2360,
        2361,
        2362,
        2365,
        2366,
        2367,
        2369,
        2371,
        2379,
        2394,
        2396,
        2411,
        2413,
        2431,
        2432,
        2435,
        2436,
        2437,
        2438,
        2441,
        2442,
        2444,
        2446,
        2447,
        2448,
        2450,
        2451,
        2452,
        2453,
        2456,
        2464,
        2465,
        2466,
        2467,
        2469,
        2471,
        2512,
        2513,
        2515,
        2516,
        2517,
        2518,
        2519,
        2520,
        2521,
        2522,
        2523,
        2524,
        2525,
        2527,
        2529,
        2558,
        2561,
        2585,
        2586,
        2587,
        2588,
        2590,
        2592,
        2595,
        2598,
        2601,
        2608,
        2639,
        2641,
        2642,
        2643,
        2645,
        2648,
        2652,
        2681,
        2683,
        2684,
        2685,
        2687,
        2690,
        2692,
        2734,
        2735,
        2736,
        2737,
        2738,
        2739,
        2741,
        2744,
        2745,
        2746,
        2749,
        2750,
        2751,
        2752,
        2753,
        2754,
        2756,
        2757,
        2758,
        2760,
        2761,
        2762,
        2765,
        2766,
        2767,
        2768,
        2769,
        2770,
        2772,
        2773,
        2774,
        2776,
        2777,
        2778,
        2780,
        2816,
        2817,
        2818,
        2820,
        2821,
        2822,
        2824,
        2825,
        2828,
        2829,
        2832,
        2833,
        2836,
        2837,
        2839,
        2878,
        2881,
        2882,
        2883,
        2886,
        2887,
        2888,
        2891,
        2892,
        2893,
        2895,
        2896,
        2897,
        2900,
        2901,
        2902,
        2904,
        2905,
        2906,
        2909,
        2910,
        2911,
        2913,
        2941,
        2942,
        2943,
        2946,
        2947,
        2948,
        2949,
        2950,
        2953,
        2954,
        2955,
        2956,
        2957,
        2960,
        2971,
        2972,
        2984,
        2989,
        2990,
        2991,
        2992,
        2993,
        2995,
        3037,
        3038,
        3039,
        3040,
        3041,
        3042,
        3050,
        3051,
        3052,
        3056,
        3057,
        3060,
        3061,
        3063,
        3064,
        3065,
        3068,
        3077,
        3082,
        3083,
        3086,
        3088,
        3089,
        3090,
        3093,
        3094,
        3096,
        3097,
        3098,
        3099,
        3101,
        3102,
        3104,
        3105,
        3107,
        3109,
        3115,
        3116,
        3119,
        3120,
        3123,
        3124,
        3126,
        3129,
        3131,
        3132,
        3133,
        3134,
        3135,
        3136,
        3137,
        3139,
        3151,
        3156,
        3174,
        3175,
        3178,
        3179,
        3192,
        3195,
        3196,
        3198,
        3247,
        3248,
        3250,
        3251,
        3254,
        3255,
        3256,
        3257,
        3258,
        3261,
        3262,
        3263,
        3264,
        3267,
        3268,
        3269,
        3271,
        3277,
        3278,
        3279,
        3280,
        3281,
        3282,
        3285,
        3288,
        3289,
        3290,
        3292,
        3293,
        3294,
        3295,
        3296,
        3297,
        3298,
        3299,
        3302,
        3303,
        3304,
        3325,
        3328,
        3400,
        3401,
        3419,
        3420,
        3421,
        3422,
        3425,
        3429,
        3430,
        3432,
        3435,
        3436,
        3437,
        3440,
        3443,
        3444,
        3445,
        3446,
        3447,
        3448,
        3451,
        3452,
        3453,
        3454,
        3455,
        3456,
        3457,
        3458,
        3459,
        3460,
        3462,
        3463,
        3465,
        3474,
        3475,
        3478,
        3486,
        3487,
        3514,
        3515,
        3516,
        3518,
        3527,
        3528,
        3530,
        3531,
        3532,
        3533,
        3737,
        3896,
        3906,
        3914
      ],
      "excluded_lines": [],
      "functions": {
        "calculate_mispricing_score": {
          "executed_lines": [],
          "summary": {
            "covered_lines": 0,
            "num_statements": 6,
            "percent_covered": 0.0,
            "percent_covered_display": "0",
            "missing_lines": 6,
            "excluded_lines": 0
          },
          "missing_lines": [
            58,
            59,
            61,
            62,
            64,
            65
          ],
          "excluded_lines": []
        },
        "calculate_risk_adjusted_mispricing": {
          "executed_lines": [],
          "summary": {
            "covered_lines": 0,
            "num_statements": 12,
            "percent_covered": 0.0,
            "percent_covered_display": "0",
            "missing_lines": 12,
            "excluded_lines": 0
          },
          "missing_lines": [
            101,
            104,
            105,
            107,
            108,
            111,
            114,
            120,
            122,
            123,
            126,
            128
          ],
          "excluded_lines": []
        },
        "rank_undervalued_stocks": {
          "executed_lines": [],
          "summary": {
            "covered_lines": 0,
            "num_statements": 2,
            "percent_covered": 0.0,
            "percent_covered_display": "0",
            "missing_lines": 2,
            "excluded_lines": 0
          },
          "missing_lines": [
            141,
            142
          ],
          "excluded_lines": []
        },
        "rank_overvalued_stocks": {
          "executed_lines": [],
          "summary": {
            "covered_lines": 0,
            "num_statements": 2,
            "percent_covered": 0.0,
            "percent_covered_display": "0",
            "missing_lines": 2,
            "excluded_lines": 0
          },
          "missing_lines": [
            155,
            156
          ],
          "excluded_lines": []
        },
        "rank_stocks_by_sector": {
          "executed_lines": [],
          "summary": {
            "covered_lines": 0,
            "num_statements": 6,
            "percent_covered": 0.0,
            "percent_covered_display": "0",
            "missing_lines": 6,
            "excluded_lines": 0
          },
          "missing_lines": [
            172,
            173,
            175,
            176,
            177,
            179
          ],
          "excluded_lines": []
        },
        "simple_eda": {
          "executed_lines": [],
          "summary": {
            "covered_lines": 0,
            "num_statements": 298,
            "percent_covered": 0.0,
            "percent_covered_display": "0",
            "missing_lines": 298,
            "excluded_lines": 0
          },
          "missing_lines": [
            206,
            208,
            209,
            210,
            212,
            215,
            216,
            217,
            218,
            220,
            221,
            222,
            223,
            224,
            225,
            226,
            227,
            228,
            229,
            230,
            231,
            232,
            235,
            241,
            255,
            256,
            258,
            260,
            263,
            264,
            265,
            267,
            269,
            270,
            271,
            272,
            273,
            274,
            275,
            276,
            277,
            278,
            279,
            280,
            284,
            285,
            286,
            287,
            288,
            289,
            291,
            293,
            294,
            296,
            297,
            298,
            299,
            300,
            302,
            303,
            304,
            305,
            307,
            309,
            310,
            311,
            312,
            313,
            315,
            316,
            319,
            322,
            323,
            324,
            327,
            329,
            330,
            331,
            332,
            333,
            335,
            337,
            338,
            339,
            340,
            342,
            344,
            345,
            346,
            347,
            349,
            351,
            353,
            357,
            358,
            359,
            361,
            362,
            363,
            364,
            366,
            368,
            369,
            370,
            371,
            372,
            373,
            374,
            380,
            382,
            383,
            384,
            385,
            387,
            389,
            394,
            395,
            396,
            397,
            400,
            402,
            406,
            407,
            408,
            409,
            410,
            412,
            413,
            414,
            415,
            417,
            419,
            420,
            421,
            422,
            423,
            424,
            425,
            431,
            433,
            434,
            435,
            436,
            439,
            440,
            441,
            442,
            443,
            444,
            445,
            446,
            449,
            450,
            452,
            453,
            454,
            455,
            458,
            459,
            460,
            462,
            463,
            466,
            467,
            469,
            470,
            471,
            472,
            474,
            475,
            476,
            477,
            480,
            481,
            483,
            484,
            485,
            486,
            488,
            489,
            490,
            491,
            494,
            495,
            499,
            500,
            501,
            502,
            504,
            505,
            506,
            507,
            509,
            511,
            513,
            514,
            515,
            516,
            518,
            521,
            522,
            524,
            526,
            527,
            530,
            531,
            533,
            540,
            541,
            542,
            545,
            546,
            547,
            548,
            554,
            555,
            556,
            557,
            560,
            561,
            562,
            563,
            569,
            570,
            572,
            573,
            574,
            575,
            576,
            578,
            580,
            581,
            582,
            583,
            585,
            588,
            589,
            590,
            591,
            593,
            595,
            596,
            597,
            598,
            601,
            602,
            603,
            605,
            607,
            608,
            609,
            614,
            615,
            617,
            619,
            620,
            621,
            622,
            623,
            624,
            627,
            628,
            630,
            631,
            632,
            633,
            634,
            637,
            638,
            639,
            640,
            650,
            651,
            652,
            653,
            654,
            655,
            658,
            659,
            660,
            662,
            663,
            664,
            665,
            667,
            669,
            670,
            671,
            672,
            675,
            676,
            677,
            678,
            681,
            682,
            684,
            685,
            687
          ],
          "excluded_lines": []
        },
        "simple_eda._safe_counts": {
          "executed_lines": [],
          "summary": {
            "covered_lines": 0,
            "num_statements": 4,
            "percent_covered": 0.0,
            "percent_covered_display": "0",
            "missing_lines": 4,
            "excluded_lines": 0
          },
          "missing_lines": [
            236,
            237,
            238,
            239
          ],
          "excluded_lines": []
        },
        "export_predictions_to_excel": {
          "executed_lines": [],
          "summary": {
            "covered_lines": 0,
            "num_statements": 26,
            "percent_covered": 0.0,
            "percent_covered_display": "0",
            "missing_lines": 26,
            "excluded_lines": 0
          },
          "missing_lines": [
            701,
            702,
            704,
            705,
            706,
            708,
            710,
            712,
            744,
            745,
            748,
            749,
            763,
            766,
            768,
            769,
            770,
            772,
            773,
            774,
            775,
            776,
            777,
            779,
            780,
            781
          ],
          "excluded_lines": []
        },
        "create_sector_heatmap": {
          "executed_lines": [],
          "summary": {
            "covered_lines": 0,
            "num_statements": 31,
            "percent_covered": 0.0,
            "percent_covered_display": "0",
            "missing_lines": 31,
            "excluded_lines": 0
          },
          "missing_lines": [
            800,
            801,
            804,
            807,
            808,
            809,
            810,
            813,
            814,
            816,
            819,
            823,
            824,
            825,
            828,
            829,
            830,
            831,
            834,
            835,
            844,
            845,
            846,
            847,
            849,
            850,
            851,
            853,
            855,
            856,
            857
          ],
          "excluded_lines": []
        },
        "create_interactive_prediction_plot": {
          "executed_lines": [],
          "summary": {
            "covered_lines": 0,
            "num_statements": 22,
            "percent_covered": 0.0,
            "percent_covered_display": "0",
            "missing_lines": 22,
            "excluded_lines": 0
          },
          "missing_lines": [
            870,
            871,
            873,
            875,
            876,
            879,
            882,
            883,
            884,
            885,
            888,
            899,
            900,
            901,
            902,
            912,
            913,
            914,
            916,
            918,
            919,
            920
          ],
          "excluded_lines": []
        },
        "create_region_sector_heatmap": {
          "executed_lines": [],
          "summary": {
            "covered_lines": 0,
            "num_statements": 27,
            "percent_covered": 0.0,
            "percent_covered_display": "0",
            "missing_lines": 27,
            "excluded_lines": 0
          },
          "missing_lines": [
            936,
            937,
            939,
            941,
            942,
            943,
            946,
            947,
            948,
            949,
            952,
            955,
            956,
            957,
            960,
            961,
            970,
            971,
            972,
            973,
            975,
            976,
            977,
            979,
            981,
            982,
            983
          ],
          "excluded_lines": []
        },
        "plot_outlier_boxplots": {
          "executed_lines": [],
          "summary": {
            "covered_lines": 0,
            "num_statements": 33,
            "percent_covered": 0.0,
            "percent_covered_display": "0",
            "missing_lines": 33,
            "excluded_lines": 0
          },
          "missing_lines": [
            1004,
            1005,
            1006,
            1008,
            1010,
            1012,
            1013,
            1014,
            1017,
            1018,
            1019,
            1022,
            1023,
            1024,
            1025,
            1027,
            1030,
            1031,
            1032,
            1033,
            1034,
            1035,
            1038,
            1039,
            1041,
            1043,
            1044,
            1045,
            1046,
            1048,
            1050,
            1051,
            1052
          ],
          "excluded_lines": []
        },
        "plot_outlier_violins": {
          "executed_lines": [],
          "summary": {
            "covered_lines": 0,
            "num_statements": 37,
            "percent_covered": 0.0,
            "percent_covered_display": "0",
            "missing_lines": 37,
            "excluded_lines": 0
          },
          "missing_lines": [
            1073,
            1074,
            1075,
            1077,
            1079,
            1081,
            1082,
            1083,
            1086,
            1087,
            1088,
            1091,
            1092,
            1093,
            1094,
            1096,
            1099,
            1100,
            1101,
            1102,
            1103,
            1104,
            1105,
            1106,
            1108,
            1109,
            1112,
            1113,
            1115,
            1117,
            1118,
            1119,
            1120,
            1122,
            1124,
            1125,
            1126
          ],
          "excluded_lines": []
        },
        "plot_outlier_scatter": {
          "executed_lines": [],
          "summary": {
            "covered_lines": 0,
            "num_statements": 42,
            "percent_covered": 0.0,
            "percent_covered_display": "0",
            "missing_lines": 42,
            "excluded_lines": 0
          },
          "missing_lines": [
            1150,
            1151,
            1152,
            1154,
            1156,
            1158,
            1159,
            1160,
            1163,
            1164,
            1167,
            1168,
            1171,
            1172,
            1173,
            1175,
            1176,
            1177,
            1180,
            1181,
            1182,
            1185,
            1188,
            1200,
            1201,
            1204,
            1205,
            1206,
            1215,
            1217,
            1218,
            1219,
            1220,
            1222,
            1224,
            1225,
            1226,
            1227,
            1229,
            1231,
            1232,
            1233
          ],
          "excluded_lines": []
        },
        "calculate_correlation_matrix": {
          "executed_lines": [],
          "summary": {
            "covered_lines": 0,
            "num_statements": 7,
            "percent_covered": 0.0,
            "percent_covered_display": "0",
            "missing_lines": 7,
            "excluded_lines": 0
          },
          "missing_lines": [
            1259,
            1260,
            1265,
            1267,
            1268,
            1271,
            1273
          ],
          "excluded_lines": []
        },
        "calculate_distance_correlation": {
          "executed_lines": [],
          "summary": {
            "covered_lines": 0,
            "num_statements": 25,
            "percent_covered": 0.0,
            "percent_covered_display": "0",
            "missing_lines": 25,
            "excluded_lines": 0
          },
          "missing_lines": [
            1301,
            1302,
            1303,
            1304,
            1309,
            1311,
            1312,
            1315,
            1316,
            1318,
            1319,
            1320,
            1321,
            1322,
            1324,
            1325,
            1327,
            1328,
            1329,
            1330,
            1331,
            1333,
            1334,
            1337,
            1339
          ],
          "excluded_lines": []
        },
        "find_top_correlations": {
          "executed_lines": [],
          "summary": {
            "covered_lines": 0,
            "num_statements": 12,
            "percent_covered": 0.0,
            "percent_covered_display": "0",
            "missing_lines": 12,
            "excluded_lines": 0
          },
          "missing_lines": [
            1358,
            1359,
            1362,
            1363,
            1364,
            1365,
            1366,
            1367,
            1369,
            1370,
            1373,
            1375
          ],
          "excluded_lines": []
        },
        "test_normality": {
          "executed_lines": [],
          "summary": {
            "covered_lines": 0,
            "num_statements": 12,
            "percent_covered": 0.0,
            "percent_covered_display": "0",
            "missing_lines": 12,
            "excluded_lines": 0
          },
          "missing_lines": [
            1391,
            1393,
            1395,
            1396,
            1397,
            1399,
            1401,
            1402,
            1408,
            1411,
            1413,
            1420
          ],
          "excluded_lines": []
        },
        "calculate_skewness_kurtosis": {
          "executed_lines": [],
          "summary": {
            "covered_lines": 0,
            "num_statements": 12,
            "percent_covered": 0.0,
            "percent_covered_display": "0",
            "missing_lines": 12,
            "excluded_lines": 0
          },
          "missing_lines": [
            1435,
            1437,
            1439,
            1440,
            1441,
            1443,
            1445,
            1446,
            1448,
            1449,
            1451,
            1455
          ],
          "excluded_lines": []
        },
        "detect_outliers_statistical": {
          "executed_lines": [],
          "summary": {
            "covered_lines": 0,
            "num_statements": 20,
            "percent_covered": 0.0,
            "percent_covered_display": "0",
            "missing_lines": 20,
            "excluded_lines": 0
          },
          "missing_lines": [
            1474,
            1476,
            1477,
            1478,
            1480,
            1482,
            1484,
            1485,
            1487,
            1488,
            1490,
            1491,
            1493,
            1495,
            1496,
            1498,
            1499,
            1501,
            1503,
            1505
          ],
          "excluded_lines": []
        },
        "calculate_mutual_information": {
          "executed_lines": [],
          "summary": {
            "covered_lines": 0,
            "num_statements": 7,
            "percent_covered": 0.0,
            "percent_covered_display": "0",
            "missing_lines": 7,
            "excluded_lines": 0
          },
          "missing_lines": [
            1523,
            1526,
            1527,
            1530,
            1531,
            1535,
            1539
          ],
          "excluded_lines": []
        },
        "calculate_feature_importance_rf": {
          "executed_lines": [],
          "summary": {
            "covered_lines": 0,
            "num_statements": 9,
            "percent_covered": 0.0,
            "percent_covered_display": "0",
            "missing_lines": 9,
            "excluded_lines": 0
          },
          "missing_lines": [
            1557,
            1560,
            1561,
            1564,
            1565,
            1567,
            1570,
            1573,
            1577
          ],
          "excluded_lines": []
        },
        "calculate_shap_importance": {
          "executed_lines": [],
          "summary": {
            "covered_lines": 0,
            "num_statements": 29,
            "percent_covered": 0.0,
            "percent_covered_display": "0",
            "missing_lines": 29,
            "excluded_lines": 0
          },
          "missing_lines": [
            1604,
            1605,
            1606,
            1607,
            1612,
            1613,
            1616,
            1617,
            1620,
            1621,
            1622,
            1623,
            1625,
            1626,
            1629,
            1630,
            1631,
            1632,
            1634,
            1636,
            1639,
            1640,
            1641,
            1643,
            1644,
            1647,
            1650,
            1653,
            1655
          ],
          "excluded_lines": []
        },
        "perform_tsne": {
          "executed_lines": [],
          "summary": {
            "covered_lines": 0,
            "num_statements": 14,
            "percent_covered": 0.0,
            "percent_covered_display": "0",
            "missing_lines": 14,
            "excluded_lines": 0
          },
          "missing_lines": [
            1686,
            1687,
            1688,
            1689,
            1690,
            1695,
            1698,
            1699,
            1702,
            1703,
            1706,
            1707,
            1710,
            1714
          ],
          "excluded_lines": []
        },
        "perform_umap": {
          "executed_lines": [],
          "summary": {
            "covered_lines": 0,
            "num_statements": 14,
            "percent_covered": 0.0,
            "percent_covered_display": "0",
            "missing_lines": 14,
            "excluded_lines": 0
          },
          "missing_lines": [
            1756,
            1757,
            1758,
            1759,
            1764,
            1767,
            1770,
            1771,
            1774,
            1775,
            1778,
            1784,
            1787,
            1791
          ],
          "excluded_lines": []
        },
        "perform_pca": {
          "executed_lines": [],
          "summary": {
            "covered_lines": 0,
            "num_statements": 9,
            "percent_covered": 0.0,
            "percent_covered_display": "0",
            "missing_lines": 9,
            "excluded_lines": 0
          },
          "missing_lines": [
            1812,
            1813,
            1816,
            1819,
            1820,
            1823,
            1824,
            1827,
            1831
          ],
          "excluded_lines": []
        },
        "calculate_optimal_pca_components": {
          "executed_lines": [],
          "summary": {
            "covered_lines": 0,
            "num_statements": 10,
            "percent_covered": 0.0,
            "percent_covered_display": "0",
            "missing_lines": 10,
            "excluded_lines": 0
          },
          "missing_lines": [
            1853,
            1854,
            1857,
            1860,
            1861,
            1864,
            1865,
            1868,
            1869,
            1871
          ],
          "excluded_lines": []
        },
        "compare_sector_means": {
          "executed_lines": [],
          "summary": {
            "covered_lines": 0,
            "num_statements": 16,
            "percent_covered": 0.0,
            "percent_covered_display": "0",
            "missing_lines": 16,
            "excluded_lines": 0
          },
          "missing_lines": [
            1895,
            1898,
            1899,
            1900,
            1901,
            1903,
            1905,
            1906,
            1908,
            1909,
            1917,
            1918,
            1919,
            1920,
            1922,
            1924
          ],
          "excluded_lines": []
        },
        "compare_two_groups": {
          "executed_lines": [],
          "summary": {
            "covered_lines": 0,
            "num_statements": 11,
            "percent_covered": 0.0,
            "percent_covered_display": "0",
            "missing_lines": 11,
            "excluded_lines": 0
          },
          "missing_lines": [
            1949,
            1952,
            1953,
            1955,
            1956,
            1964,
            1965,
            1966,
            1967,
            1969,
            1971
          ],
          "excluded_lines": []
        },
        "generate_eda_report": {
          "executed_lines": [],
          "summary": {
            "covered_lines": 0,
            "num_statements": 16,
            "percent_covered": 0.0,
            "percent_covered_display": "0",
            "missing_lines": 16,
            "excluded_lines": 0
          },
          "missing_lines": [
            2002,
            2009,
            2010,
            2013,
            2014,
            2015,
            2021,
            2022,
            2023,
            2029,
            2030,
            2031,
            2036,
            2038,
            2048,
            2050
          ],
          "excluded_lines": []
        },
        "generate_sector_comparison_report": {
          "executed_lines": [],
          "summary": {
            "covered_lines": 0,
            "num_statements": 17,
            "percent_covered": 0.0,
            "percent_covered_display": "0",
            "missing_lines": 17,
            "excluded_lines": 0
          },
          "missing_lines": [
            2068,
            2070,
            2071,
            2073,
            2076,
            2077,
            2078,
            2079,
            2081,
            2082,
            2084,
            2087,
            2088,
            2089,
            2090,
            2092,
            2094
          ],
          "excluded_lines": []
        },
        "comprehensive_regression_metrics": {
          "executed_lines": [],
          "summary": {
            "covered_lines": 0,
            "num_statements": 37,
            "percent_covered": 0.0,
            "percent_covered_display": "0",
            "missing_lines": 37,
            "excluded_lines": 0
          },
          "missing_lines": [
            2125,
            2134,
            2135,
            2138,
            2139,
            2140,
            2142,
            2143,
            2144,
            2145,
            2146,
            2149,
            2150,
            2151,
            2153,
            2156,
            2157,
            2158,
            2169,
            2170,
            2171,
            2172,
            2173,
            2174,
            2177,
            2178,
            2179,
            2190,
            2191,
            2192,
            2193,
            2194,
            2197,
            2198,
            2199,
            2200,
            2202
          ],
          "excluded_lines": []
        },
        "compute_metrics_by_segment": {
          "executed_lines": [],
          "summary": {
            "covered_lines": 0,
            "num_statements": 13,
            "percent_covered": 0.0,
            "percent_covered_display": "0",
            "missing_lines": 13,
            "excluded_lines": 0
          },
          "missing_lines": [
            2226,
            2228,
            2229,
            2230,
            2231,
            2233,
            2234,
            2235,
            2236,
            2237,
            2239,
            2242,
            2245
          ],
          "excluded_lines": []
        },
        "residual_analysis_suite": {
          "executed_lines": [],
          "summary": {
            "covered_lines": 0,
            "num_statements": 42,
            "percent_covered": 0.0,
            "percent_covered_display": "0",
            "missing_lines": 42,
            "excluded_lines": 0
          },
          "missing_lines": [
            2262,
            2264,
            2265,
            2266,
            2269,
            2277,
            2278,
            2279,
            2282,
            2285,
            2287,
            2295,
            2296,
            2297,
            2300,
            2301,
            2302,
            2303,
            2304,
            2305,
            2306,
            2307,
            2308,
            2311,
            2312,
            2313,
            2314,
            2315,
            2316,
            2319,
            2320,
            2323,
            2324,
            2325,
            2327,
            2328,
            2329,
            2330,
            2331,
            2332,
            2333,
            2335
          ],
          "excluded_lines": []
        },
        "error_bucketing_analysis": {
          "executed_lines": [],
          "summary": {
            "covered_lines": 0,
            "num_statements": 14,
            "percent_covered": 0.0,
            "percent_covered_display": "0",
            "missing_lines": 14,
            "excluded_lines": 0
          },
          "missing_lines": [
            2351,
            2354,
            2355,
            2356,
            2359,
            2360,
            2361,
            2362,
            2365,
            2366,
            2367,
            2369,
            2371,
            2379
          ],
          "excluded_lines": []
        },
        "create_stratified_sector_cv": {
          "executed_lines": [],
          "summary": {
            "covered_lines": 0,
            "num_statements": 2,
            "percent_covered": 0.0,
            "percent_covered_display": "0",
            "missing_lines": 2,
            "excluded_lines": 0
          },
          "missing_lines": [
            2394,
            2396
          ],
          "excluded_lines": []
        },
        "create_grouped_ticker_cv": {
          "executed_lines": [],
          "summary": {
            "covered_lines": 0,
            "num_statements": 2,
            "percent_covered": 0.0,
            "percent_covered_display": "0",
            "missing_lines": 2,
            "excluded_lines": 0
          },
          "missing_lines": [
            2411,
            2413
          ],
          "excluded_lines": []
        },
        "evaluate_with_cross_validation": {
          "executed_lines": [],
          "summary": {
            "covered_lines": 0,
            "num_statements": 23,
            "percent_covered": 0.0,
            "percent_covered_display": "0",
            "missing_lines": 23,
            "excluded_lines": 0
          },
          "missing_lines": [
            2431,
            2432,
            2435,
            2436,
            2437,
            2438,
            2441,
            2442,
            2444,
            2446,
            2447,
            2448,
            2450,
            2451,
            2452,
            2453,
            2456,
            2464,
            2465,
            2466,
            2467,
            2469,
            2471
          ],
          "excluded_lines": []
        },
        "assign_valuation_category": {
          "executed_lines": [],
          "summary": {
            "covered_lines": 0,
            "num_statements": 4,
            "percent_covered": 0.0,
            "percent_covered_display": "0",
            "missing_lines": 4,
            "excluded_lines": 0
          },
          "missing_lines": [
            2512,
            2513,
            2515,
            2529
          ],
          "excluded_lines": []
        },
        "assign_valuation_category.categorize": {
          "executed_lines": [],
          "summary": {
            "covered_lines": 0,
            "num_statements": 11,
            "percent_covered": 0.0,
            "percent_covered_display": "0",
            "missing_lines": 11,
            "excluded_lines": 0
          },
          "missing_lines": [
            2516,
            2517,
            2518,
            2519,
            2520,
            2521,
            2522,
            2523,
            2524,
            2525,
            2527
          ],
          "excluded_lines": []
        },
        "get_sector_specific_thresholds": {
          "executed_lines": [],
          "summary": {
            "covered_lines": 0,
            "num_statements": 12,
            "percent_covered": 0.0,
            "percent_covered_display": "0",
            "missing_lines": 12,
            "excluded_lines": 0
          },
          "missing_lines": [
            2558,
            2561,
            2585,
            2586,
            2587,
            2588,
            2590,
            2592,
            2595,
            2598,
            2601,
            2608
          ],
          "excluded_lines": []
        },
        "calculate_sector_zscores": {
          "executed_lines": [],
          "summary": {
            "covered_lines": 0,
            "num_statements": 7,
            "percent_covered": 0.0,
            "percent_covered_display": "0",
            "missing_lines": 7,
            "excluded_lines": 0
          },
          "missing_lines": [
            2639,
            2641,
            2642,
            2643,
            2645,
            2648,
            2652
          ],
          "excluded_lines": []
        },
        "calculate_percentile_ranks": {
          "executed_lines": [],
          "summary": {
            "covered_lines": 0,
            "num_statements": 7,
            "percent_covered": 0.0,
            "percent_covered_display": "0",
            "missing_lines": 7,
            "excluded_lines": 0
          },
          "missing_lines": [
            2681,
            2683,
            2684,
            2685,
            2687,
            2690,
            2692
          ],
          "excluded_lines": []
        },
        "calculate_multi_factor_score": {
          "executed_lines": [],
          "summary": {
            "covered_lines": 0,
            "num_statements": 35,
            "percent_covered": 0.0,
            "percent_covered_display": "0",
            "missing_lines": 35,
            "excluded_lines": 0
          },
          "missing_lines": [
            2734,
            2735,
            2736,
            2737,
            2738,
            2739,
            2741,
            2744,
            2745,
            2746,
            2749,
            2750,
            2751,
            2752,
            2753,
            2754,
            2756,
            2757,
            2758,
            2760,
            2761,
            2762,
            2765,
            2766,
            2767,
            2768,
            2769,
            2770,
            2772,
            2773,
            2774,
            2776,
            2777,
            2778,
            2780
          ],
          "excluded_lines": []
        },
        "identify_sector_leaders_laggards": {
          "executed_lines": [],
          "summary": {
            "covered_lines": 0,
            "num_statements": 15,
            "percent_covered": 0.0,
            "percent_covered_display": "0",
            "missing_lines": 15,
            "excluded_lines": 0
          },
          "missing_lines": [
            2816,
            2817,
            2818,
            2820,
            2821,
            2822,
            2824,
            2825,
            2828,
            2829,
            2832,
            2833,
            2836,
            2837,
            2839
          ],
          "excluded_lines": []
        },
        "filter_stocks_by_criteria": {
          "executed_lines": [],
          "summary": {
            "covered_lines": 0,
            "num_statements": 23,
            "percent_covered": 0.0,
            "percent_covered_display": "0",
            "missing_lines": 23,
            "excluded_lines": 0
          },
          "missing_lines": [
            2878,
            2881,
            2882,
            2883,
            2886,
            2887,
            2888,
            2891,
            2892,
            2893,
            2895,
            2896,
            2897,
            2900,
            2901,
            2902,
            2904,
            2905,
            2906,
            2909,
            2910,
            2911,
            2913
          ],
          "excluded_lines": []
        },
        "create_valuation_scatter_plot": {
          "executed_lines": [],
          "summary": {
            "covered_lines": 0,
            "num_statements": 23,
            "percent_covered": 0.0,
            "percent_covered_display": "0",
            "missing_lines": 23,
            "excluded_lines": 0
          },
          "missing_lines": [
            2941,
            2942,
            2943,
            2946,
            2947,
            2948,
            2949,
            2950,
            2953,
            2954,
            2955,
            2956,
            2957,
            2960,
            2971,
            2972,
            2984,
            2989,
            2990,
            2991,
            2992,
            2993,
            2995
          ],
          "excluded_lines": []
        },
        "generate_pdf_report": {
          "executed_lines": [],
          "summary": {
            "covered_lines": 0,
            "num_statements": 62,
            "percent_covered": 0.0,
            "percent_covered_display": "0",
            "missing_lines": 62,
            "excluded_lines": 0
          },
          "missing_lines": [
            3037,
            3038,
            3039,
            3040,
            3041,
            3042,
            3050,
            3051,
            3052,
            3056,
            3057,
            3060,
            3061,
            3063,
            3064,
            3065,
            3068,
            3077,
            3082,
            3083,
            3086,
            3088,
            3089,
            3090,
            3093,
            3094,
            3096,
            3097,
            3098,
            3099,
            3101,
            3102,
            3104,
            3105,
            3107,
            3109,
            3115,
            3116,
            3119,
            3120,
            3123,
            3124,
            3126,
            3129,
            3131,
            3132,
            3133,
            3134,
            3135,
            3136,
            3137,
            3139,
            3151,
            3156,
            3174,
            3175,
            3178,
            3179,
            3192,
            3195,
            3196,
            3198
          ],
          "excluded_lines": []
        },
        "generate_data_quality_dashboard": {
          "executed_lines": [],
          "summary": {
            "covered_lines": 0,
            "num_statements": 38,
            "percent_covered": 0.0,
            "percent_covered_display": "0",
            "missing_lines": 38,
            "excluded_lines": 0
          },
          "missing_lines": [
            3247,
            3248,
            3250,
            3251,
            3254,
            3255,
            3256,
            3257,
            3258,
            3261,
            3262,
            3263,
            3264,
            3267,
            3268,
            3269,
            3271,
            3277,
            3278,
            3279,
            3280,
            3281,
            3282,
            3285,
            3288,
            3289,
            3290,
            3292,
            3293,
            3294,
            3295,
            3296,
            3297,
            3298,
            3299,
            3302,
            3303,
            3304
          ],
          "excluded_lines": []
        },
        "_generate_minimal_quality_report": {
          "executed_lines": [],
          "summary": {
            "covered_lines": 0,
            "num_statements": 40,
            "percent_covered": 0.0,
            "percent_covered_display": "0",
            "missing_lines": 40,
            "excluded_lines": 0
          },
          "missing_lines": [
            3325,
            3328,
            3400,
            3401,
            3419,
            3420,
            3421,
            3422,
            3425,
            3429,
            3430,
            3432,
            3435,
            3436,
            3437,
            3440,
            3443,
            3444,
            3445,
            3446,
            3447,
            3448,
            3451,
            3452,
            3453,
            3454,
            3455,
            3456,
            3457,
            3458,
            3459,
            3460,
            3462,
            3463,
            3465,
            3474,
            3475,
            3478,
            3486,
            3487
          ],
          "excluded_lines": []
        },
        "export_profiling_report": {
          "executed_lines": [],
          "summary": {
            "covered_lines": 0,
            "num_statements": 10,
            "percent_covered": 0.0,
            "percent_covered_display": "0",
            "missing_lines": 10,
            "excluded_lines": 0
          },
          "missing_lines": [
            3514,
            3515,
            3516,
            3518,
            3527,
            3528,
            3530,
            3531,
            3532,
            3533
          ],
          "excluded_lines": []
        },
        "compare_prediction_vs_analyst_targets": {
          "executed_lines": [
            3564,
            3567,
            3570,
            3575,
            3576,
            3577,
            3579
          ],
          "summary": {
            "covered_lines": 7,
            "num_statements": 7,
            "percent_covered": 100.0,
            "percent_covered_display": "100",
            "missing_lines": 0,
            "excluded_lines": 0
          },
          "missing_lines": [],
          "excluded_lines": []
        },
        "calculate_directional_accuracy": {
          "executed_lines": [
            3607,
            3610,
            3611,
            3615,
            3616,
            3617,
            3618,
            3619,
            3622,
            3623,
            3625
          ],
          "summary": {
            "covered_lines": 11,
            "num_statements": 11,
            "percent_covered": 100.0,
            "percent_covered_display": "100",
            "missing_lines": 0,
            "excluded_lines": 0
          },
          "missing_lines": [],
          "excluded_lines": []
        },
        "calculate_agreement_rate": {
          "executed_lines": [
            3654,
            3657,
            3658,
            3661,
            3663,
            3665
          ],
          "summary": {
            "covered_lines": 6,
            "num_statements": 6,
            "percent_covered": 100.0,
            "percent_covered_display": "100",
            "missing_lines": 0,
            "excluded_lines": 0
          },
          "missing_lines": [],
          "excluded_lines": []
        },
        "identify_disagreement_opportunities": {
          "executed_lines": [
            3694,
            3695,
            3698,
            3703,
            3709
          ],
          "summary": {
            "covered_lines": 5,
            "num_statements": 5,
            "percent_covered": 100.0,
            "percent_covered_display": "100",
            "missing_lines": 0,
            "excluded_lines": 0
          },
          "missing_lines": [],
          "excluded_lines": []
        },
        "calculate_prediction_accuracy_metrics": {
          "executed_lines": [
            3736,
            3740,
            3744,
            3749,
            3750,
            3751,
            3753,
            3754,
            3756,
            3758,
            3759,
            3761
          ],
          "summary": {
            "covered_lines": 12,
            "num_statements": 13,
            "percent_covered": 92.3076923076923,
            "percent_covered_display": "92",
            "missing_lines": 1,
            "excluded_lines": 0
          },
          "missing_lines": [
            3737
          ],
          "excluded_lines": []
        },
        "segment_comparison_by_attribute": {
          "executed_lines": [
            3792,
            3793,
            3796,
            3797,
            3799,
            3801,
            3802,
            3805,
            3808,
            3810,
            3816
          ],
          "summary": {
            "covered_lines": 11,
            "num_statements": 11,
            "percent_covered": 100.0,
            "percent_covered_display": "100",
            "missing_lines": 0,
            "excluded_lines": 0
          },
          "missing_lines": [],
          "excluded_lines": []
        },
        "analyze_systematic_bias": {
          "executed_lines": [
            3839,
            3840,
            3842,
            3843,
            3846,
            3848,
            3849,
            3850,
            3851,
            3853,
            3855
          ],
          "summary": {
            "covered_lines": 11,
            "num_statements": 11,
            "percent_covered": 100.0,
            "percent_covered_display": "100",
            "missing_lines": 0,
            "excluded_lines": 0
          },
          "missing_lines": [],
          "excluded_lines": []
        },
        "generate_prediction_analyst_excel_report": {
          "executed_lines": [
            3894,
            3895,
            3897,
            3898,
            3899,
            3902,
            3903,
            3905,
            3910,
            3912,
            3917,
            3920,
            3921,
            3922,
            3923,
            3924,
            3928,
            3934,
            3935,
            3941,
            3942,
            3946,
            3952,
            3953,
            3954,
            3958,
            3963,
            3964,
            3967,
            3973,
            3974,
            3977,
            3978,
            3980,
            3983,
            3984,
            3989,
            3990,
            3995,
            3996,
            3997,
            4001,
            4005,
            4009,
            4013,
            4019,
            4020,
            4021,
            4025,
            4029,
            4033,
            4038,
            4039,
            4042,
            4043,
            4045,
            4046,
            4047,
            4055,
            4056,
            4057,
            4060,
            4062
          ],
          "summary": {
            "covered_lines": 63,
            "num_statements": 66,
            "percent_covered": 95.45454545454545,
            "percent_covered_display": "95",
            "missing_lines": 3,
            "excluded_lines": 0
          },
          "missing_lines": [
            3896,
            3906,
            3914
          ],
          "excluded_lines": []
        },
        "": {
          "executed_lines": [
            2,
            4,
            6,
            15,
            16,
            17,
            18,
            20,
            21,
            24,
            25,
            26,
            31,
            32,
            33,
            39,
            68,
            131,
            145,
            159,
            182,
            690,
            786,
            860,
            923,
            986,
            1055,
            1129,
            1241,
            1276,
            1342,
            1378,
            1423,
            1458,
            1508,
            1542,
            1580,
            1658,
            1722,
            1800,
            1841,
            1874,
            1933,
            1981,
            2053,
            2102,
            2213,
            2248,
            2338,
            2382,
            2399,
            2416,
            2485,
            2532,
            2611,
            2655,
            2695,
            2783,
            2842,
            2916,
            2998,
            3206,
            3307,
            3490,
            3541,
            3582,
            3632,
            3672,
            3712,
            3769,
            3819,
            3862
          ],
          "summary": {
            "covered_lines": 72,
            "num_statements": 78,
            "percent_covered": 92.3076923076923,
            "percent_covered_display": "92",
            "missing_lines": 6,
            "excluded_lines": 0
          },
          "missing_lines": [
            27,
            28,
            29,
            34,
            35,
            36
          ],
          "excluded_lines": []
        }
      },
      "classes": {
        "": {
          "executed_lines": [
            2,
            4,
            6,
            15,
            16,
            17,
            18,
            20,
            21,
            24,
            25,
            26,
            31,
            32,
            33,
            39,
            68,
            131,
            145,
            159,
            182,
            690,
            786,
            860,
            923,
            986,
            1055,
            1129,
            1241,
            1276,
            1342,
            1378,
            1423,
            1458,
            1508,
            1542,
            1580,
            1658,
            1722,
            1800,
            1841,
            1874,
            1933,
            1981,
            2053,
            2102,
            2213,
            2248,
            2338,
            2382,
            2399,
            2416,
            2485,
            2532,
            2611,
            2655,
            2695,
            2783,
            2842,
            2916,
            2998,
            3206,
            3307,
            3490,
            3541,
            3564,
            3567,
            3570,
            3575,
            3576,
            3577,
            3579,
            3582,
            3607,
            3610,
            3611,
            3615,
            3616,
            3617,
            3618,
            3619,
            3622,
            3623,
            3625,
            3632,
            3654,
            3657,
            3658,
            3661,
            3663,
            3665,
            3672,
            3694,
            3695,
            3698,
            3703,
            3709,
            3712,
            3736,
            3740,
            3744,
            3749,
            3750,
            3751,
            3753,
            3754,
            3756,
            3758,
            3759,
            3761,
            3769,
            3792,
            3793,
            3796,
            3797,
            3799,
            3801,
            3802,
            3805,
            3808,
            3810,
            3816,
            3819,
            3839,
            3840,
            3842,
            3843,
            3846,
            3848,
            3849,
            3850,
            3851,
            3853,
            3855,
            3862,
            3894,
            3895,
            3897,
            3898,
            3899,
            3902,
            3903,
            3905,
            3910,
            3912,
            3917,
            3920,
            3921,
            3922,
            3923,
            3924,
            3928,
            3934,
            3935,
            3941,
            3942,
            3946,
            3952,
            3953,
            3954,
            3958,
            3963,
            3964,
            3967,
            3973,
            3974,
            3977,
            3978,
            3980,
            3983,
            3984,
            3989,
            3990,
            3995,
            3996,
            3997,
            4001,
            4005,
            4009,
            4013,
            4019,
            4020,
            4021,
            4025,
            4029,
            4033,
            4038,
            4039,
            4042,
            4043,
            4045,
            4046,
            4047,
            4055,
            4056,
            4057,
            4060,
            4062
          ],
          "summary": {
            "covered_lines": 198,
            "num_statements": 1416,
            "percent_covered": 13.983050847457626,
            "percent_covered_display": "14",
            "missing_lines": 1218,
            "excluded_lines": 0
          },
          "missing_lines": [
            27,
            28,
            29,
            34,
            35,
            36,
            58,
            59,
            61,
            62,
            64,
            65,
            101,
            104,
            105,
            107,
            108,
            111,
            114,
            120,
            122,
            123,
            126,
            128,
            141,
            142,
            155,
            156,
            172,
            173,
            175,
            176,
            177,
            179,
            206,
            208,
            209,
            210,
            212,
            215,
            216,
            217,
            218,
            220,
            221,
            222,
            223,
            224,
            225,
            226,
            227,
            228,
            229,
            230,
            231,
            232,
            235,
            236,
            237,
            238,
            239,
            241,
            255,
            256,
            258,
            260,
            263,
            264,
            265,
            267,
            269,
            270,
            271,
            272,
            273,
            274,
            275,
            276,
            277,
            278,
            279,
            280,
            284,
            285,
            286,
            287,
            288,
            289,
            291,
            293,
            294,
            296,
            297,
            298,
            299,
            300,
            302,
            303,
            304,
            305,
            307,
            309,
            310,
            311,
            312,
            313,
            315,
            316,
            319,
            322,
            323,
            324,
            327,
            329,
            330,
            331,
            332,
            333,
            335,
            337,
            338,
            339,
            340,
            342,
            344,
            345,
            346,
            347,
            349,
            351,
            353,
            357,
            358,
            359,
            361,
            362,
            363,
            364,
            366,
            368,
            369,
            370,
            371,
            372,
            373,
            374,
            380,
            382,
            383,
            384,
            385,
            387,
            389,
            394,
            395,
            396,
            397,
            400,
            402,
            406,
            407,
            408,
            409,
            410,
            412,
            413,
            414,
            415,
            417,
            419,
            420,
            421,
            422,
            423,
            424,
            425,
            431,
            433,
            434,
            435,
            436,
            439,
            440,
            441,
            442,
            443,
            444,
            445,
            446,
            449,
            450,
            452,
            453,
            454,
            455,
            458,
            459,
            460,
            462,
            463,
            466,
            467,
            469,
            470,
            471,
            472,
            474,
            475,
            476,
            477,
            480,
            481,
            483,
            484,
            485,
            486,
            488,
            489,
            490,
            491,
            494,
            495,
            499,
            500,
            501,
            502,
            504,
            505,
            506,
            507,
            509,
            511,
            513,
            514,
            515,
            516,
            518,
            521,
            522,
            524,
            526,
            527,
            530,
            531,
            533,
            540,
            541,
            542,
            545,
            546,
            547,
            548,
            554,
            555,
            556,
            557,
            560,
            561,
            562,
            563,
            569,
            570,
            572,
            573,
            574,
            575,
            576,
            578,
            580,
            581,
            582,
            583,
            585,
            588,
            589,
            590,
            591,
            593,
            595,
            596,
            597,
            598,
            601,
            602,
            603,
            605,
            607,
            608,
            609,
            614,
            615,
            617,
            619,
            620,
            621,
            622,
            623,
            624,
            627,
            628,
            630,
            631,
            632,
            633,
            634,
            637,
            638,
            639,
            640,
            650,
            651,
            652,
            653,
            654,
            655,
            658,
            659,
            660,
            662,
            663,
            664,
            665,
            667,
            669,
            670,
            671,
            672,
            675,
            676,
            677,
            678,
            681,
            682,
            684,
            685,
            687,
            701,
            702,
            704,
            705,
            706,
            708,
            710,
            712,
            744,
            745,
            748,
            749,
            763,
            766,
            768,
            769,
            770,
            772,
            773,
            774,
            775,
            776,
            777,
            779,
            780,
            781,
            800,
            801,
            804,
            807,
            808,
            809,
            810,
            813,
            814,
            816,
            819,
            823,
            824,
            825,
            828,
            829,
            830,
            831,
            834,
            835,
            844,
            845,
            846,
            847,
            849,
            850,
            851,
            853,
            855,
            856,
            857,
            870,
            871,
            873,
            875,
            876,
            879,
            882,
            883,
            884,
            885,
            888,
            899,
            900,
            901,
            902,
            912,
            913,
            914,
            916,
            918,
            919,
            920,
            936,
            937,
            939,
            941,
            942,
            943,
            946,
            947,
            948,
            949,
            952,
            955,
            956,
            957,
            960,
            961,
            970,
            971,
            972,
            973,
            975,
            976,
            977,
            979,
            981,
            982,
            983,
            1004,
            1005,
            1006,
            1008,
            1010,
            1012,
            1013,
            1014,
            1017,
            1018,
            1019,
            1022,
            1023,
            1024,
            1025,
            1027,
            1030,
            1031,
            1032,
            1033,
            1034,
            1035,
            1038,
            1039,
            1041,
            1043,
            1044,
            1045,
            1046,
            1048,
            1050,
            1051,
            1052,
            1073,
            1074,
            1075,
            1077,
            1079,
            1081,
            1082,
            1083,
            1086,
            1087,
            1088,
            1091,
            1092,
            1093,
            1094,
            1096,
            1099,
            1100,
            1101,
            1102,
            1103,
            1104,
            1105,
            1106,
            1108,
            1109,
            1112,
            1113,
            1115,
            1117,
            1118,
            1119,
            1120,
            1122,
            1124,
            1125,
            1126,
            1150,
            1151,
            1152,
            1154,
            1156,
            1158,
            1159,
            1160,
            1163,
            1164,
            1167,
            1168,
            1171,
            1172,
            1173,
            1175,
            1176,
            1177,
            1180,
            1181,
            1182,
            1185,
            1188,
            1200,
            1201,
            1204,
            1205,
            1206,
            1215,
            1217,
            1218,
            1219,
            1220,
            1222,
            1224,
            1225,
            1226,
            1227,
            1229,
            1231,
            1232,
            1233,
            1259,
            1260,
            1265,
            1267,
            1268,
            1271,
            1273,
            1301,
            1302,
            1303,
            1304,
            1309,
            1311,
            1312,
            1315,
            1316,
            1318,
            1319,
            1320,
            1321,
            1322,
            1324,
            1325,
            1327,
            1328,
            1329,
            1330,
            1331,
            1333,
            1334,
            1337,
            1339,
            1358,
            1359,
            1362,
            1363,
            1364,
            1365,
            1366,
            1367,
            1369,
            1370,
            1373,
            1375,
            1391,
            1393,
            1395,
            1396,
            1397,
            1399,
            1401,
            1402,
            1408,
            1411,
            1413,
            1420,
            1435,
            1437,
            1439,
            1440,
            1441,
            1443,
            1445,
            1446,
            1448,
            1449,
            1451,
            1455,
            1474,
            1476,
            1477,
            1478,
            1480,
            1482,
            1484,
            1485,
            1487,
            1488,
            1490,
            1491,
            1493,
            1495,
            1496,
            1498,
            1499,
            1501,
            1503,
            1505,
            1523,
            1526,
            1527,
            1530,
            1531,
            1535,
            1539,
            1557,
            1560,
            1561,
            1564,
            1565,
            1567,
            1570,
            1573,
            1577,
            1604,
            1605,
            1606,
            1607,
            1612,
            1613,
            1616,
            1617,
            1620,
            1621,
            1622,
            1623,
            1625,
            1626,
            1629,
            1630,
            1631,
            1632,
            1634,
            1636,
            1639,
            1640,
            1641,
            1643,
            1644,
            1647,
            1650,
            1653,
            1655,
            1686,
            1687,
            1688,
            1689,
            1690,
            1695,
            1698,
            1699,
            1702,
            1703,
            1706,
            1707,
            1710,
            1714,
            1756,
            1757,
            1758,
            1759,
            1764,
            1767,
            1770,
            1771,
            1774,
            1775,
            1778,
            1784,
            1787,
            1791,
            1812,
            1813,
            1816,
            1819,
            1820,
            1823,
            1824,
            1827,
            1831,
            1853,
            1854,
            1857,
            1860,
            1861,
            1864,
            1865,
            1868,
            1869,
            1871,
            1895,
            1898,
            1899,
            1900,
            1901,
            1903,
            1905,
            1906,
            1908,
            1909,
            1917,
            1918,
            1919,
            1920,
            1922,
            1924,
            1949,
            1952,
            1953,
            1955,
            1956,
            1964,
            1965,
            1966,
            1967,
            1969,
            1971,
            2002,
            2009,
            2010,
            2013,
            2014,
            2015,
            2021,
            2022,
            2023,
            2029,
            2030,
            2031,
            2036,
            2038,
            2048,
            2050,
            2068,
            2070,
            2071,
            2073,
            2076,
            2077,
            2078,
            2079,
            2081,
            2082,
            2084,
            2087,
            2088,
            2089,
            2090,
            2092,
            2094,
            2125,
            2134,
            2135,
            2138,
            2139,
            2140,
            2142,
            2143,
            2144,
            2145,
            2146,
            2149,
            2150,
            2151,
            2153,
            2156,
            2157,
            2158,
            2169,
            2170,
            2171,
            2172,
            2173,
            2174,
            2177,
            2178,
            2179,
            2190,
            2191,
            2192,
            2193,
            2194,
            2197,
            2198,
            2199,
            2200,
            2202,
            2226,
            2228,
            2229,
            2230,
            2231,
            2233,
            2234,
            2235,
            2236,
            2237,
            2239,
            2242,
            2245,
            2262,
            2264,
            2265,
            2266,
            2269,
            2277,
            2278,
            2279,
            2282,
            2285,
            2287,
            2295,
            2296,
            2297,
            2300,
            2301,
            2302,
            2303,
            2304,
            2305,
            2306,
            2307,
            2308,
            2311,
            2312,
            2313,
            2314,
            2315,
            2316,
            2319,
            2320,
            2323,
            2324,
            2325,
            2327,
            2328,
            2329,
            2330,
            2331,
            2332,
            2333,
            2335,
            2351,
            2354,
            2355,
            2356,
            2359,
            2360,
            2361,
            2362,
            2365,
            2366,
            2367,
            2369,
            2371,
            2379,
            2394,
            2396,
            2411,
            2413,
            2431,
            2432,
            2435,
            2436,
            2437,
            2438,
            2441,
            2442,
            2444,
            2446,
            2447,
            2448,
            2450,
            2451,
            2452,
            2453,
            2456,
            2464,
            2465,
            2466,
            2467,
            2469,
            2471,
            2512,
            2513,
            2515,
            2516,
            2517,
            2518,
            2519,
            2520,
            2521,
            2522,
            2523,
            2524,
            2525,
            2527,
            2529,
            2558,
            2561,
            2585,
            2586,
            2587,
            2588,
            2590,
            2592,
            2595,
            2598,
            2601,
            2608,
            2639,
            2641,
            2642,
            2643,
            2645,
            2648,
            2652,
            2681,
            2683,
            2684,
            2685,
            2687,
            2690,
            2692,
            2734,
            2735,
            2736,
            2737,
            2738,
            2739,
            2741,
            2744,
            2745,
            2746,
            2749,
            2750,
            2751,
            2752,
            2753,
            2754,
            2756,
            2757,
            2758,
            2760,
            2761,
            2762,
            2765,
            2766,
            2767,
            2768,
            2769,
            2770,
            2772,
            2773,
            2774,
            2776,
            2777,
            2778,
            2780,
            2816,
            2817,
            2818,
            2820,
            2821,
            2822,
            2824,
            2825,
            2828,
            2829,
            2832,
            2833,
            2836,
            2837,
            2839,
            2878,
            2881,
            2882,
            2883,
            2886,
            2887,
            2888,
            2891,
            2892,
            2893,
            2895,
            2896,
            2897,
            2900,
            2901,
            2902,
            2904,
            2905,
            2906,
            2909,
            2910,
            2911,
            2913,
            2941,
            2942,
            2943,
            2946,
            2947,
            2948,
            2949,
            2950,
            2953,
            2954,
            2955,
            2956,
            2957,
            2960,
            2971,
            2972,
            2984,
            2989,
            2990,
            2991,
            2992,
            2993,
            2995,
            3037,
            3038,
            3039,
            3040,
            3041,
            3042,
            3050,
            3051,
            3052,
            3056,
            3057,
            3060,
            3061,
            3063,
            3064,
            3065,
            3068,
            3077,
            3082,
            3083,
            3086,
            3088,
            3089,
            3090,
            3093,
            3094,
            3096,
            3097,
            3098,
            3099,
            3101,
            3102,
            3104,
            3105,
            3107,
            3109,
            3115,
            3116,
            3119,
            3120,
            3123,
            3124,
            3126,
            3129,
            3131,
            3132,
            3133,
            3134,
            3135,
            3136,
            3137,
            3139,
            3151,
            3156,
            3174,
            3175,
            3178,
            3179,
            3192,
            3195,
            3196,
            3198,
            3247,
            3248,
            3250,
            3251,
            3254,
            3255,
            3256,
            3257,
            3258,
            3261,
            3262,
            3263,
            3264,
            3267,
            3268,
            3269,
            3271,
            3277,
            3278,
            3279,
            3280,
            3281,
            3282,
            3285,
            3288,
            3289,
            3290,
            3292,
            3293,
            3294,
            3295,
            3296,
            3297,
            3298,
            3299,
            3302,
            3303,
            3304,
            3325,
            3328,
            3400,
            3401,
            3419,
            3420,
            3421,
            3422,
            3425,
            3429,
            3430,
            3432,
            3435,
            3436,
            3437,
            3440,
            3443,
            3444,
            3445,
            3446,
            3447,
            3448,
            3451,
            3452,
            3453,
            3454,
            3455,
            3456,
            3457,
            3458,
            3459,
            3460,
            3462,
            3463,
            3465,
            3474,
            3475,
            3478,
            3486,
            3487,
            3514,
            3515,
            3516,
            3518,
            3527,
            3528,
            3530,
            3531,
            3532,
            3533,
            3737,
            3896,
            3906,
            3914
          ],
          "excluded_lines": []
        }
      }
    }
  },
  "totals": {
    "covered_lines": 198,
    "num_statements": 1416,
    "percent_covered": 13.983050847457626,
    "percent_covered_display": "14",
    "missing_lines": 1218,
    "excluded_lines": 0
  }
}